[2025-07-23 14:36:40] local.ERROR: SQLSTATE[23000]: Integrity constraint violation: 1048 Column 'price' cannot be null (SQL: insert into `property_rates` (`discount_weekly`, `discount_monthly`, `is_available`, `platform_type`, `currency`, `notes`, `min_stay`, `base_min_stay`, `property_id`, `checkin_day`, `checkout_day`, `rate_group_id`, `single_date_timestamp`, `single_date`, `price`, `updated_at`, `created_at`) values (?, ?, 0, airbnb, USD, ?, 3, ?, 27, ?, ?, 27, 1759294800, 2025-10-01, ?, 2025-07-23 14:36:40, 2025-07-23 14:36:40)) {"userId":5,"exception":"[object] (Illuminate\\Database\\QueryException(code: 23000): SQLSTATE[23000]: Integrity constraint violation: 1048 Column 'price' cannot be null (SQL: insert into `property_rates` (`discount_weekly`, `discount_monthly`, `is_available`, `platform_type`, `currency`, `notes`, `min_stay`, `base_min_stay`, `property_id`, `checkin_day`, `checkout_day`, `rate_group_id`, `single_date_timestamp`, `single_date`, `price`, `updated_at`, `created_at`) values (?, ?, 0, airbnb, USD, ?, 3, ?, 27, ?, ?, 27, 1759294800, 2025-10-01, ?, 2025-07-23 14:36:40, 2025-07-23 14:36:40)) at /home/rv66rental/htdocs/www.rv66rental.com/projects/vendor/laravel/framework/src/Illuminate/Database/Connection.php:760)
[stacktrace]
#0 /home/rv66rental/htdocs/www.rv66rental.com/projects/vendor/laravel/framework/src/Illuminate/Database/Connection.php(720): Illuminate\\Database\\Connection->runQueryCallback()
#1 /home/rv66rental/htdocs/www.rv66rental.com/projects/vendor/laravel/framework/src/Illuminate/Database/Connection.php(546): Illuminate\\Database\\Connection->run()
#2 /home/rv66rental/htdocs/www.rv66rental.com/projects/vendor/laravel/framework/src/Illuminate/Database/Connection.php(498): Illuminate\\Database\\Connection->statement()
#3 /home/rv66rental/htdocs/www.rv66rental.com/projects/vendor/laravel/framework/src/Illuminate/Database/Query/Processors/Processor.php(32): Illuminate\\Database\\Connection->insert()
#4 /home/rv66rental/htdocs/www.rv66rental.com/projects/vendor/laravel/framework/src/Illuminate/Database/Query/Builder.php(3322): Illuminate\\Database\\Query\\Processors\\Processor->processInsertGetId()
#5 /home/rv66rental/htdocs/www.rv66rental.com/projects/vendor/laravel/framework/src/Illuminate/Database/Eloquent/Builder.php(1869): Illuminate\\Database\\Query\\Builder->insertGetId()
#6 /home/rv66rental/htdocs/www.rv66rental.com/projects/vendor/laravel/framework/src/Illuminate/Database/Eloquent/Model.php(1330): Illuminate\\Database\\Eloquent\\Builder->__call()
#7 /home/rv66rental/htdocs/www.rv66rental.com/projects/vendor/laravel/framework/src/Illuminate/Database/Eloquent/Model.php(1295): Illuminate\\Database\\Eloquent\\Model->insertAndSetId()
#8 /home/rv66rental/htdocs/www.rv66rental.com/projects/vendor/laravel/framework/src/Illuminate/Database/Eloquent/Model.php(1138): Illuminate\\Database\\Eloquent\\Model->performInsert()
#9 /home/rv66rental/htdocs/www.rv66rental.com/projects/vendor/laravel/framework/src/Illuminate/Database/Eloquent/Builder.php(986): Illuminate\\Database\\Eloquent\\Model->save()
#10 /home/rv66rental/htdocs/www.rv66rental.com/projects/vendor/laravel/framework/src/Illuminate/Support/helpers.php(306): Illuminate\\Database\\Eloquent\\Builder->Illuminate\\Database\\Eloquent\\{closure}()
#11 /home/rv66rental/htdocs/www.rv66rental.com/projects/vendor/laravel/framework/src/Illuminate/Database/Eloquent/Builder.php(987): tap()
#12 /home/rv66rental/htdocs/www.rv66rental.com/projects/vendor/laravel/framework/src/Illuminate/Support/Traits/ForwardsCalls.php(23): Illuminate\\Database\\Eloquent\\Builder->create()
#13 /home/rv66rental/htdocs/www.rv66rental.com/projects/vendor/laravel/framework/src/Illuminate/Database/Eloquent/Model.php(2330): Illuminate\\Database\\Eloquent\\Model->forwardCallTo()
#14 /home/rv66rental/htdocs/www.rv66rental.com/projects/vendor/laravel/framework/src/Illuminate/Database/Eloquent/Model.php(2342): Illuminate\\Database\\Eloquent\\Model->__call()
#15 /home/rv66rental/htdocs/www.rv66rental.com/projects/app/Helper/ModelHelper.php(148): Illuminate\\Database\\Eloquent\\Model::__callStatic()
#16 /home/rv66rental/htdocs/www.rv66rental.com/projects/vendor/laravel/framework/src/Illuminate/Support/Facades/Facade.php(338): App\\Helper\\ModelHelper->saveSIngleDatePropertyRate()
#17 /home/rv66rental/htdocs/www.rv66rental.com/projects/app/Http/Controllers/Admin/PropertyRateController.php(85): Illuminate\\Support\\Facades\\Facade::__callStatic()
#18 /home/rv66rental/htdocs/www.rv66rental.com/projects/vendor/laravel/framework/src/Illuminate/Routing/Controller.php(54): App\\Http\\Controllers\\Admin\\PropertyRateController->store()
#19 /home/rv66rental/htdocs/www.rv66rental.com/projects/vendor/laravel/framework/src/Illuminate/Routing/ControllerDispatcher.php(43): Illuminate\\Routing\\Controller->callAction()
#20 /home/rv66rental/htdocs/www.rv66rental.com/projects/vendor/laravel/framework/src/Illuminate/Routing/Route.php(260): Illuminate\\Routing\\ControllerDispatcher->dispatch()
#21 /home/rv66rental/htdocs/www.rv66rental.com/projects/vendor/laravel/framework/src/Illuminate/Routing/Route.php(205): Illuminate\\Routing\\Route->runController()
#22 /home/rv66rental/htdocs/www.rv66rental.com/projects/vendor/laravel/framework/src/Illuminate/Routing/Router.php(798): Illuminate\\Routing\\Route->run()
#23 /home/rv66rental/htdocs/www.rv66rental.com/projects/vendor/laravel/framework/src/Illuminate/Pipeline/Pipeline.php(141): Illuminate\\Routing\\Router->Illuminate\\Routing\\{closure}()
#24 /home/rv66rental/htdocs/www.rv66rental.com/projects/vendor/laravel/framework/src/Illuminate/Routing/Middleware/SubstituteBindings.php(50): Illuminate\\Pipeline\\Pipeline->Illuminate\\Pipeline\\{closure}()
#25 /home/rv66rental/htdocs/www.rv66rental.com/projects/vendor/laravel/framework/src/Illuminate/Pipeline/Pipeline.php(180): Illuminate\\Routing\\Middleware\\SubstituteBindings->handle()
#26 /home/rv66rental/htdocs/www.rv66rental.com/projects/vendor/laravel/framework/src/Illuminate/Auth/Middleware/Authenticate.php(44): Illuminate\\Pipeline\\Pipeline->Illuminate\\Pipeline\\{closure}()
#27 /home/rv66rental/htdocs/www.rv66rental.com/projects/vendor/laravel/framework/src/Illuminate/Pipeline/Pipeline.php(180): Illuminate\\Auth\\Middleware\\Authenticate->handle()
#28 /home/rv66rental/htdocs/www.rv66rental.com/projects/app/Http/Middleware/HTTPRedirect.php(19): Illuminate\\Pipeline\\Pipeline->Illuminate\\Pipeline\\{closure}()
#29 /home/rv66rental/htdocs/www.rv66rental.com/projects/vendor/laravel/framework/src/Illuminate/Pipeline/Pipeline.php(180): App\\Http\\Middleware\\HTTPRedirect->handle()
#30 /home/rv66rental/htdocs/www.rv66rental.com/projects/vendor/laravel/framework/src/Illuminate/View/Middleware/ShareErrorsFromSession.php(49): Illuminate\\Pipeline\\Pipeline->Illuminate\\Pipeline\\{closure}()
#31 /home/rv66rental/htdocs/www.rv66rental.com/projects/vendor/laravel/framework/src/Illuminate/Pipeline/Pipeline.php(180): Illuminate\\View\\Middleware\\ShareErrorsFromSession->handle()
#32 /home/rv66rental/htdocs/www.rv66rental.com/projects/vendor/laravel/framework/src/Illuminate/Session/Middleware/StartSession.php(121): Illuminate\\Pipeline\\Pipeline->Illuminate\\Pipeline\\{closure}()
#33 /home/rv66rental/htdocs/www.rv66rental.com/projects/vendor/laravel/framework/src/Illuminate/Session/Middleware/StartSession.php(64): Illuminate\\Session\\Middleware\\StartSession->handleStatefulRequest()
#34 /home/rv66rental/htdocs/www.rv66rental.com/projects/vendor/laravel/framework/src/Illuminate/Pipeline/Pipeline.php(180): Illuminate\\Session\\Middleware\\StartSession->handle()
#35 /home/rv66rental/htdocs/www.rv66rental.com/projects/vendor/laravel/framework/src/Illuminate/Cookie/Middleware/AddQueuedCookiesToResponse.php(37): Illuminate\\Pipeline\\Pipeline->Illuminate\\Pipeline\\{closure}()
#36 /home/rv66rental/htdocs/www.rv66rental.com/projects/vendor/laravel/framework/src/Illuminate/Pipeline/Pipeline.php(180): Illuminate\\Cookie\\Middleware\\AddQueuedCookiesToResponse->handle()
#37 /home/rv66rental/htdocs/www.rv66rental.com/projects/vendor/laravel/framework/src/Illuminate/Cookie/Middleware/EncryptCookies.php(67): Illuminate\\Pipeline\\Pipeline->Illuminate\\Pipeline\\{closure}()
#38 /home/rv66rental/htdocs/www.rv66rental.com/projects/vendor/laravel/framework/src/Illuminate/Pipeline/Pipeline.php(180): Illuminate\\Cookie\\Middleware\\EncryptCookies->handle()
#39 /home/rv66rental/htdocs/www.rv66rental.com/projects/vendor/laravel/framework/src/Illuminate/Pipeline/Pipeline.php(116): Illuminate\\Pipeline\\Pipeline->Illuminate\\Pipeline\\{closure}()
#40 /home/rv66rental/htdocs/www.rv66rental.com/projects/vendor/laravel/framework/src/Illuminate/Routing/Router.php(799): Illuminate\\Pipeline\\Pipeline->then()
#41 /home/rv66rental/htdocs/www.rv66rental.com/projects/vendor/laravel/framework/src/Illuminate/Routing/Router.php(776): Illuminate\\Routing\\Router->runRouteWithinStack()
#42 /home/rv66rental/htdocs/www.rv66rental.com/projects/vendor/laravel/framework/src/Illuminate/Routing/Router.php(740): Illuminate\\Routing\\Router->runRoute()
#43 /home/rv66rental/htdocs/www.rv66rental.com/projects/vendor/laravel/framework/src/Illuminate/Routing/Router.php(729): Illuminate\\Routing\\Router->dispatchToRoute()
#44 /home/rv66rental/htdocs/www.rv66rental.com/projects/vendor/laravel/framework/src/Illuminate/Foundation/Http/Kernel.php(190): Illuminate\\Routing\\Router->dispatch()
#45 /home/rv66rental/htdocs/www.rv66rental.com/projects/vendor/laravel/framework/src/Illuminate/Pipeline/Pipeline.php(141): Illuminate\\Foundation\\Http\\Kernel->Illuminate\\Foundation\\Http\\{closure}()
#46 /home/rv66rental/htdocs/www.rv66rental.com/projects/vendor/laravel/framework/src/Illuminate/Foundation/Http/Middleware/TransformsRequest.php(21): Illuminate\\Pipeline\\Pipeline->Illuminate\\Pipeline\\{closure}()
#47 /home/rv66rental/htdocs/www.rv66rental.com/projects/vendor/laravel/framework/src/Illuminate/Foundation/Http/Middleware/ConvertEmptyStringsToNull.php(31): Illuminate\\Foundation\\Http\\Middleware\\TransformsRequest->handle()
#48 /home/rv66rental/htdocs/www.rv66rental.com/projects/vendor/laravel/framework/src/Illuminate/Pipeline/Pipeline.php(180): Illuminate\\Foundation\\Http\\Middleware\\ConvertEmptyStringsToNull->handle()
#49 /home/rv66rental/htdocs/www.rv66rental.com/projects/vendor/laravel/framework/src/Illuminate/Foundation/Http/Middleware/TransformsRequest.php(21): Illuminate\\Pipeline\\Pipeline->Illuminate\\Pipeline\\{closure}()
#50 /home/rv66rental/htdocs/www.rv66rental.com/projects/vendor/laravel/framework/src/Illuminate/Foundation/Http/Middleware/TrimStrings.php(40): Illuminate\\Foundation\\Http\\Middleware\\TransformsRequest->handle()
#51 /home/rv66rental/htdocs/www.rv66rental.com/projects/vendor/laravel/framework/src/Illuminate/Pipeline/Pipeline.php(180): Illuminate\\Foundation\\Http\\Middleware\\TrimStrings->handle()
#52 /home/rv66rental/htdocs/www.rv66rental.com/projects/vendor/laravel/framework/src/Illuminate/Foundation/Http/Middleware/ValidatePostSize.php(27): Illuminate\\Pipeline\\Pipeline->Illuminate\\Pipeline\\{closure}()
#53 /home/rv66rental/htdocs/www.rv66rental.com/projects/vendor/laravel/framework/src/Illuminate/Pipeline/Pipeline.php(180): Illuminate\\Foundation\\Http\\Middleware\\ValidatePostSize->handle()
#54 /home/rv66rental/htdocs/www.rv66rental.com/projects/vendor/laravel/framework/src/Illuminate/Foundation/Http/Middleware/PreventRequestsDuringMaintenance.php(86): Illuminate\\Pipeline\\Pipeline->Illuminate\\Pipeline\\{closure}()
#55 /home/rv66rental/htdocs/www.rv66rental.com/projects/vendor/laravel/framework/src/Illuminate/Pipeline/Pipeline.php(180): Illuminate\\Foundation\\Http\\Middleware\\PreventRequestsDuringMaintenance->handle()
#56 /home/rv66rental/htdocs/www.rv66rental.com/projects/vendor/laravel/framework/src/Illuminate/Http/Middleware/HandleCors.php(49): Illuminate\\Pipeline\\Pipeline->Illuminate\\Pipeline\\{closure}()
#57 /home/rv66rental/htdocs/www.rv66rental.com/projects/vendor/laravel/framework/src/Illuminate/Pipeline/Pipeline.php(180): Illuminate\\Http\\Middleware\\HandleCors->handle()
#58 /home/rv66rental/htdocs/www.rv66rental.com/projects/vendor/laravel/framework/src/Illuminate/Http/Middleware/TrustProxies.php(39): Illuminate\\Pipeline\\Pipeline->Illuminate\\Pipeline\\{closure}()
#59 /home/rv66rental/htdocs/www.rv66rental.com/projects/vendor/laravel/framework/src/Illuminate/Pipeline/Pipeline.php(180): Illuminate\\Http\\Middleware\\TrustProxies->handle()
#60 /home/rv66rental/htdocs/www.rv66rental.com/projects/vendor/laravel/framework/src/Illuminate/Pipeline/Pipeline.php(116): Illuminate\\Pipeline\\Pipeline->Illuminate\\Pipeline\\{closure}()
#61 /home/rv66rental/htdocs/www.rv66rental.com/projects/vendor/laravel/framework/src/Illuminate/Foundation/Http/Kernel.php(165): Illuminate\\Pipeline\\Pipeline->then()
#62 /home/rv66rental/htdocs/www.rv66rental.com/projects/vendor/laravel/framework/src/Illuminate/Foundation/Http/Kernel.php(134): Illuminate\\Foundation\\Http\\Kernel->sendRequestThroughRouter()
#63 /home/rv66rental/htdocs/www.rv66rental.com/index.php(54): Illuminate\\Foundation\\Http\\Kernel->handle()
#64 {main}

[previous exception] [object] (PDOException(code: 23000): SQLSTATE[23000]: Integrity constraint violation: 1048 Column 'price' cannot be null at /home/rv66rental/htdocs/www.rv66rental.com/projects/vendor/laravel/framework/src/Illuminate/Database/Connection.php:545)
[stacktrace]
#0 /home/rv66rental/htdocs/www.rv66rental.com/projects/vendor/laravel/framework/src/Illuminate/Database/Connection.php(545): PDOStatement->execute()
#1 /home/rv66rental/htdocs/www.rv66rental.com/projects/vendor/laravel/framework/src/Illuminate/Database/Connection.php(753): Illuminate\\Database\\Connection->Illuminate\\Database\\{closure}()
#2 /home/rv66rental/htdocs/www.rv66rental.com/projects/vendor/laravel/framework/src/Illuminate/Database/Connection.php(720): Illuminate\\Database\\Connection->runQueryCallback()
#3 /home/rv66rental/htdocs/www.rv66rental.com/projects/vendor/laravel/framework/src/Illuminate/Database/Connection.php(546): Illuminate\\Database\\Connection->run()
#4 /home/rv66rental/htdocs/www.rv66rental.com/projects/vendor/laravel/framework/src/Illuminate/Database/Connection.php(498): Illuminate\\Database\\Connection->statement()
#5 /home/rv66rental/htdocs/www.rv66rental.com/projects/vendor/laravel/framework/src/Illuminate/Database/Query/Processors/Processor.php(32): Illuminate\\Database\\Connection->insert()
#6 /home/rv66rental/htdocs/www.rv66rental.com/projects/vendor/laravel/framework/src/Illuminate/Database/Query/Builder.php(3322): Illuminate\\Database\\Query\\Processors\\Processor->processInsertGetId()
#7 /home/rv66rental/htdocs/www.rv66rental.com/projects/vendor/laravel/framework/src/Illuminate/Database/Eloquent/Builder.php(1869): Illuminate\\Database\\Query\\Builder->insertGetId()
#8 /home/rv66rental/htdocs/www.rv66rental.com/projects/vendor/laravel/framework/src/Illuminate/Database/Eloquent/Model.php(1330): Illuminate\\Database\\Eloquent\\Builder->__call()
#9 /home/rv66rental/htdocs/www.rv66rental.com/projects/vendor/laravel/framework/src/Illuminate/Database/Eloquent/Model.php(1295): Illuminate\\Database\\Eloquent\\Model->insertAndSetId()
#10 /home/rv66rental/htdocs/www.rv66rental.com/projects/vendor/laravel/framework/src/Illuminate/Database/Eloquent/Model.php(1138): Illuminate\\Database\\Eloquent\\Model->performInsert()
#11 /home/rv66rental/htdocs/www.rv66rental.com/projects/vendor/laravel/framework/src/Illuminate/Database/Eloquent/Builder.php(986): Illuminate\\Database\\Eloquent\\Model->save()
#12 /home/rv66rental/htdocs/www.rv66rental.com/projects/vendor/laravel/framework/src/Illuminate/Support/helpers.php(306): Illuminate\\Database\\Eloquent\\Builder->Illuminate\\Database\\Eloquent\\{closure}()
#13 /home/rv66rental/htdocs/www.rv66rental.com/projects/vendor/laravel/framework/src/Illuminate/Database/Eloquent/Builder.php(987): tap()
#14 /home/rv66rental/htdocs/www.rv66rental.com/projects/vendor/laravel/framework/src/Illuminate/Support/Traits/ForwardsCalls.php(23): Illuminate\\Database\\Eloquent\\Builder->create()
#15 /home/rv66rental/htdocs/www.rv66rental.com/projects/vendor/laravel/framework/src/Illuminate/Database/Eloquent/Model.php(2330): Illuminate\\Database\\Eloquent\\Model->forwardCallTo()
#16 /home/rv66rental/htdocs/www.rv66rental.com/projects/vendor/laravel/framework/src/Illuminate/Database/Eloquent/Model.php(2342): Illuminate\\Database\\Eloquent\\Model->__call()
#17 /home/rv66rental/htdocs/www.rv66rental.com/projects/app/Helper/ModelHelper.php(148): Illuminate\\Database\\Eloquent\\Model::__callStatic()
#18 /home/rv66rental/htdocs/www.rv66rental.com/projects/vendor/laravel/framework/src/Illuminate/Support/Facades/Facade.php(338): App\\Helper\\ModelHelper->saveSIngleDatePropertyRate()
#19 /home/rv66rental/htdocs/www.rv66rental.com/projects/app/Http/Controllers/Admin/PropertyRateController.php(85): Illuminate\\Support\\Facades\\Facade::__callStatic()
#20 /home/rv66rental/htdocs/www.rv66rental.com/projects/vendor/laravel/framework/src/Illuminate/Routing/Controller.php(54): App\\Http\\Controllers\\Admin\\PropertyRateController->store()
#21 /home/rv66rental/htdocs/www.rv66rental.com/projects/vendor/laravel/framework/src/Illuminate/Routing/ControllerDispatcher.php(43): Illuminate\\Routing\\Controller->callAction()
#22 /home/rv66rental/htdocs/www.rv66rental.com/projects/vendor/laravel/framework/src/Illuminate/Routing/Route.php(260): Illuminate\\Routing\\ControllerDispatcher->dispatch()
#23 /home/rv66rental/htdocs/www.rv66rental.com/projects/vendor/laravel/framework/src/Illuminate/Routing/Route.php(205): Illuminate\\Routing\\Route->runController()
#24 /home/rv66rental/htdocs/www.rv66rental.com/projects/vendor/laravel/framework/src/Illuminate/Routing/Router.php(798): Illuminate\\Routing\\Route->run()
#25 /home/rv66rental/htdocs/www.rv66rental.com/projects/vendor/laravel/framework/src/Illuminate/Pipeline/Pipeline.php(141): Illuminate\\Routing\\Router->Illuminate\\Routing\\{closure}()
#26 /home/rv66rental/htdocs/www.rv66rental.com/projects/vendor/laravel/framework/src/Illuminate/Routing/Middleware/SubstituteBindings.php(50): Illuminate\\Pipeline\\Pipeline->Illuminate\\Pipeline\\{closure}()
#27 /home/rv66rental/htdocs/www.rv66rental.com/projects/vendor/laravel/framework/src/Illuminate/Pipeline/Pipeline.php(180): Illuminate\\Routing\\Middleware\\SubstituteBindings->handle()
#28 /home/rv66rental/htdocs/www.rv66rental.com/projects/vendor/laravel/framework/src/Illuminate/Auth/Middleware/Authenticate.php(44): Illuminate\\Pipeline\\Pipeline->Illuminate\\Pipeline\\{closure}()
#29 /home/rv66rental/htdocs/www.rv66rental.com/projects/vendor/laravel/framework/src/Illuminate/Pipeline/Pipeline.php(180): Illuminate\\Auth\\Middleware\\Authenticate->handle()
#30 /home/rv66rental/htdocs/www.rv66rental.com/projects/app/Http/Middleware/HTTPRedirect.php(19): Illuminate\\Pipeline\\Pipeline->Illuminate\\Pipeline\\{closure}()
#31 /home/rv66rental/htdocs/www.rv66rental.com/projects/vendor/laravel/framework/src/Illuminate/Pipeline/Pipeline.php(180): App\\Http\\Middleware\\HTTPRedirect->handle()
#32 /home/rv66rental/htdocs/www.rv66rental.com/projects/vendor/laravel/framework/src/Illuminate/View/Middleware/ShareErrorsFromSession.php(49): Illuminate\\Pipeline\\Pipeline->Illuminate\\Pipeline\\{closure}()
#33 /home/rv66rental/htdocs/www.rv66rental.com/projects/vendor/laravel/framework/src/Illuminate/Pipeline/Pipeline.php(180): Illuminate\\View\\Middleware\\ShareErrorsFromSession->handle()
#34 /home/rv66rental/htdocs/www.rv66rental.com/projects/vendor/laravel/framework/src/Illuminate/Session/Middleware/StartSession.php(121): Illuminate\\Pipeline\\Pipeline->Illuminate\\Pipeline\\{closure}()
#35 /home/rv66rental/htdocs/www.rv66rental.com/projects/vendor/laravel/framework/src/Illuminate/Session/Middleware/StartSession.php(64): Illuminate\\Session\\Middleware\\StartSession->handleStatefulRequest()
#36 /home/rv66rental/htdocs/www.rv66rental.com/projects/vendor/laravel/framework/src/Illuminate/Pipeline/Pipeline.php(180): Illuminate\\Session\\Middleware\\StartSession->handle()
#37 /home/rv66rental/htdocs/www.rv66rental.com/projects/vendor/laravel/framework/src/Illuminate/Cookie/Middleware/AddQueuedCookiesToResponse.php(37): Illuminate\\Pipeline\\Pipeline->Illuminate\\Pipeline\\{closure}()
#38 /home/rv66rental/htdocs/www.rv66rental.com/projects/vendor/laravel/framework/src/Illuminate/Pipeline/Pipeline.php(180): Illuminate\\Cookie\\Middleware\\AddQueuedCookiesToResponse->handle()
#39 /home/rv66rental/htdocs/www.rv66rental.com/projects/vendor/laravel/framework/src/Illuminate/Cookie/Middleware/EncryptCookies.php(67): Illuminate\\Pipeline\\Pipeline->Illuminate\\Pipeline\\{closure}()
#40 /home/rv66rental/htdocs/www.rv66rental.com/projects/vendor/laravel/framework/src/Illuminate/Pipeline/Pipeline.php(180): Illuminate\\Cookie\\Middleware\\EncryptCookies->handle()
#41 /home/rv66rental/htdocs/www.rv66rental.com/projects/vendor/laravel/framework/src/Illuminate/Pipeline/Pipeline.php(116): Illuminate\\Pipeline\\Pipeline->Illuminate\\Pipeline\\{closure}()
#42 /home/rv66rental/htdocs/www.rv66rental.com/projects/vendor/laravel/framework/src/Illuminate/Routing/Router.php(799): Illuminate\\Pipeline\\Pipeline->then()
#43 /home/rv66rental/htdocs/www.rv66rental.com/projects/vendor/laravel/framework/src/Illuminate/Routing/Router.php(776): Illuminate\\Routing\\Router->runRouteWithinStack()
#44 /home/rv66rental/htdocs/www.rv66rental.com/projects/vendor/laravel/framework/src/Illuminate/Routing/Router.php(740): Illuminate\\Routing\\Router->runRoute()
#45 /home/rv66rental/htdocs/www.rv66rental.com/projects/vendor/laravel/framework/src/Illuminate/Routing/Router.php(729): Illuminate\\Routing\\Router->dispatchToRoute()
#46 /home/rv66rental/htdocs/www.rv66rental.com/projects/vendor/laravel/framework/src/Illuminate/Foundation/Http/Kernel.php(190): Illuminate\\Routing\\Router->dispatch()
#47 /home/rv66rental/htdocs/www.rv66rental.com/projects/vendor/laravel/framework/src/Illuminate/Pipeline/Pipeline.php(141): Illuminate\\Foundation\\Http\\Kernel->Illuminate\\Foundation\\Http\\{closure}()
#48 /home/rv66rental/htdocs/www.rv66rental.com/projects/vendor/laravel/framework/src/Illuminate/Foundation/Http/Middleware/TransformsRequest.php(21): Illuminate\\Pipeline\\Pipeline->Illuminate\\Pipeline\\{closure}()
#49 /home/rv66rental/htdocs/www.rv66rental.com/projects/vendor/laravel/framework/src/Illuminate/Foundation/Http/Middleware/ConvertEmptyStringsToNull.php(31): Illuminate\\Foundation\\Http\\Middleware\\TransformsRequest->handle()
#50 /home/rv66rental/htdocs/www.rv66rental.com/projects/vendor/laravel/framework/src/Illuminate/Pipeline/Pipeline.php(180): Illuminate\\Foundation\\Http\\Middleware\\ConvertEmptyStringsToNull->handle()
#51 /home/rv66rental/htdocs/www.rv66rental.com/projects/vendor/laravel/framework/src/Illuminate/Foundation/Http/Middleware/TransformsRequest.php(21): Illuminate\\Pipeline\\Pipeline->Illuminate\\Pipeline\\{closure}()
#52 /home/rv66rental/htdocs/www.rv66rental.com/projects/vendor/laravel/framework/src/Illuminate/Foundation/Http/Middleware/TrimStrings.php(40): Illuminate\\Foundation\\Http\\Middleware\\TransformsRequest->handle()
#53 /home/rv66rental/htdocs/www.rv66rental.com/projects/vendor/laravel/framework/src/Illuminate/Pipeline/Pipeline.php(180): Illuminate\\Foundation\\Http\\Middleware\\TrimStrings->handle()
#54 /home/rv66rental/htdocs/www.rv66rental.com/projects/vendor/laravel/framework/src/Illuminate/Foundation/Http/Middleware/ValidatePostSize.php(27): Illuminate\\Pipeline\\Pipeline->Illuminate\\Pipeline\\{closure}()
#55 /home/rv66rental/htdocs/www.rv66rental.com/projects/vendor/laravel/framework/src/Illuminate/Pipeline/Pipeline.php(180): Illuminate\\Foundation\\Http\\Middleware\\ValidatePostSize->handle()
#56 /home/rv66rental/htdocs/www.rv66rental.com/projects/vendor/laravel/framework/src/Illuminate/Foundation/Http/Middleware/PreventRequestsDuringMaintenance.php(86): Illuminate\\Pipeline\\Pipeline->Illuminate\\Pipeline\\{closure}()
#57 /home/rv66rental/htdocs/www.rv66rental.com/projects/vendor/laravel/framework/src/Illuminate/Pipeline/Pipeline.php(180): Illuminate\\Foundation\\Http\\Middleware\\PreventRequestsDuringMaintenance->handle()
#58 /home/rv66rental/htdocs/www.rv66rental.com/projects/vendor/laravel/framework/src/Illuminate/Http/Middleware/HandleCors.php(49): Illuminate\\Pipeline\\Pipeline->Illuminate\\Pipeline\\{closure}()
#59 /home/rv66rental/htdocs/www.rv66rental.com/projects/vendor/laravel/framework/src/Illuminate/Pipeline/Pipeline.php(180): Illuminate\\Http\\Middleware\\HandleCors->handle()
#60 /home/rv66rental/htdocs/www.rv66rental.com/projects/vendor/laravel/framework/src/Illuminate/Http/Middleware/TrustProxies.php(39): Illuminate\\Pipeline\\Pipeline->Illuminate\\Pipeline\\{closure}()
#61 /home/rv66rental/htdocs/www.rv66rental.com/projects/vendor/laravel/framework/src/Illuminate/Pipeline/Pipeline.php(180): Illuminate\\Http\\Middleware\\TrustProxies->handle()
#62 /home/rv66rental/htdocs/www.rv66rental.com/projects/vendor/laravel/framework/src/Illuminate/Pipeline/Pipeline.php(116): Illuminate\\Pipeline\\Pipeline->Illuminate\\Pipeline\\{closure}()
#63 /home/rv66rental/htdocs/www.rv66rental.com/projects/vendor/laravel/framework/src/Illuminate/Foundation/Http/Kernel.php(165): Illuminate\\Pipeline\\Pipeline->then()
#64 /home/rv66rental/htdocs/www.rv66rental.com/projects/vendor/laravel/framework/src/Illuminate/Foundation/Http/Kernel.php(134): Illuminate\\Foundation\\Http\\Kernel->sendRequestThroughRouter()
#65 /home/rv66rental/htdocs/www.rv66rental.com/index.php(54): Illuminate\\Foundation\\Http\\Kernel->handle()
#66 {main}
"} 
