[2025-06-28 12:41:14] local.ERROR: SQLSTATE[HY000] [2002] Connection refused (SQL: select * from `basic_settings`) {"exception":"[object] (Illuminate\\Database\\QueryException(code: 2002): SQLSTATE[HY000] [2002] Connection refused (SQL: select * from `basic_settings`) at /home/rv66rental/htdocs/www.rv66rental.com/projects/vendor/laravel/framework/src/Illuminate/Database/Connection.php:760)
[stacktrace]
#0 /home/rv66rental/htdocs/www.rv66rental.com/projects/vendor/laravel/framework/src/Illuminate/Database/Connection.php(899): Illuminate\\Database\\Connection->runQueryCallback()
#1 /home/rv66rental/htdocs/www.rv66rental.com/projects/vendor/laravel/framework/src/Illuminate/Database/Connection.php(879): Illuminate\\Database\\Connection->tryAgainIfCausedByLostConnection()
#2 /home/rv66rental/htdocs/www.rv66rental.com/projects/vendor/laravel/framework/src/Illuminate/Database/Connection.php(723): Illuminate\\Database\\Connection->handleQueryException()
#3 /home/rv66rental/htdocs/www.rv66rental.com/projects/vendor/laravel/framework/src/Illuminate/Database/Connection.php(422): Illuminate\\Database\\Connection->run()
#4 /home/rv66rental/htdocs/www.rv66rental.com/projects/vendor/laravel/framework/src/Illuminate/Database/Query/Builder.php(2706): Illuminate\\Database\\Connection->select()
#5 /home/rv66rental/htdocs/www.rv66rental.com/projects/vendor/laravel/framework/src/Illuminate/Database/Query/Builder.php(2694): Illuminate\\Database\\Query\\Builder->runSelect()
#6 /home/rv66rental/htdocs/www.rv66rental.com/projects/vendor/laravel/framework/src/Illuminate/Database/Query/Builder.php(3230): Illuminate\\Database\\Query\\Builder->Illuminate\\Database\\Query\\{closure}()
#7 /home/rv66rental/htdocs/www.rv66rental.com/projects/vendor/laravel/framework/src/Illuminate/Database/Query/Builder.php(2695): Illuminate\\Database\\Query\\Builder->onceWithColumns()
#8 /home/rv66rental/htdocs/www.rv66rental.com/projects/vendor/laravel/framework/src/Illuminate/Database/Eloquent/Builder.php(710): Illuminate\\Database\\Query\\Builder->get()
#9 /home/rv66rental/htdocs/www.rv66rental.com/projects/vendor/laravel/framework/src/Illuminate/Database/Eloquent/Builder.php(694): Illuminate\\Database\\Eloquent\\Builder->getModels()
#10 /home/rv66rental/htdocs/www.rv66rental.com/projects/vendor/laravel/framework/src/Illuminate/Support/Traits/ForwardsCalls.php(23): Illuminate\\Database\\Eloquent\\Builder->get()
#11 /home/rv66rental/htdocs/www.rv66rental.com/projects/vendor/laravel/framework/src/Illuminate/Database/Eloquent/Model.php(2330): Illuminate\\Database\\Eloquent\\Model->forwardCallTo()
#12 /home/rv66rental/htdocs/www.rv66rental.com/projects/vendor/laravel/framework/src/Illuminate/Database/Eloquent/Model.php(2342): Illuminate\\Database\\Eloquent\\Model->__call()
#13 /home/rv66rental/htdocs/www.rv66rental.com/projects/app/Providers/AppServiceProvider.php(31): Illuminate\\Database\\Eloquent\\Model::__callStatic()
#14 /home/rv66rental/htdocs/www.rv66rental.com/projects/vendor/laravel/framework/src/Illuminate/Container/BoundMethod.php(36): App\\Providers\\AppServiceProvider->boot()
#15 /home/rv66rental/htdocs/www.rv66rental.com/projects/vendor/laravel/framework/src/Illuminate/Container/Util.php(41): Illuminate\\Container\\BoundMethod::Illuminate\\Container\\{closure}()
#16 /home/rv66rental/htdocs/www.rv66rental.com/projects/vendor/laravel/framework/src/Illuminate/Container/BoundMethod.php(93): Illuminate\\Container\\Util::unwrapIfClosure()
#17 /home/rv66rental/htdocs/www.rv66rental.com/projects/vendor/laravel/framework/src/Illuminate/Container/BoundMethod.php(37): Illuminate\\Container\\BoundMethod::callBoundMethod()
#18 /home/rv66rental/htdocs/www.rv66rental.com/projects/vendor/laravel/framework/src/Illuminate/Container/Container.php(661): Illuminate\\Container\\BoundMethod::call()
#19 /home/rv66rental/htdocs/www.rv66rental.com/projects/vendor/laravel/framework/src/Illuminate/Foundation/Application.php(929): Illuminate\\Container\\Container->call()
#20 /home/rv66rental/htdocs/www.rv66rental.com/projects/vendor/laravel/framework/src/Illuminate/Foundation/Application.php(910): Illuminate\\Foundation\\Application->bootProvider()
#21 [internal function]: Illuminate\\Foundation\\Application->Illuminate\\Foundation\\{closure}()
#22 /home/rv66rental/htdocs/www.rv66rental.com/projects/vendor/laravel/framework/src/Illuminate/Foundation/Application.php(911): array_walk()
#23 /home/rv66rental/htdocs/www.rv66rental.com/projects/vendor/laravel/framework/src/Illuminate/Foundation/Bootstrap/BootProviders.php(17): Illuminate\\Foundation\\Application->boot()
#24 /home/rv66rental/htdocs/www.rv66rental.com/projects/vendor/laravel/framework/src/Illuminate/Foundation/Application.php(242): Illuminate\\Foundation\\Bootstrap\\BootProviders->bootstrap()
#25 /home/rv66rental/htdocs/www.rv66rental.com/projects/vendor/laravel/framework/src/Illuminate/Foundation/Http/Kernel.php(176): Illuminate\\Foundation\\Application->bootstrapWith()
#26 /home/rv66rental/htdocs/www.rv66rental.com/projects/vendor/laravel/framework/src/Illuminate/Foundation/Http/Kernel.php(160): Illuminate\\Foundation\\Http\\Kernel->bootstrap()
#27 /home/rv66rental/htdocs/www.rv66rental.com/projects/vendor/laravel/framework/src/Illuminate/Foundation/Http/Kernel.php(134): Illuminate\\Foundation\\Http\\Kernel->sendRequestThroughRouter()
#28 /home/rv66rental/htdocs/www.rv66rental.com/index.php(54): Illuminate\\Foundation\\Http\\Kernel->handle()
#29 {main}

[previous exception] [object] (PDOException(code: 2002): SQLSTATE[HY000] [2002] Connection refused at /home/rv66rental/htdocs/www.rv66rental.com/projects/vendor/laravel/framework/src/Illuminate/Database/Connectors/Connector.php:70)
[stacktrace]
#0 /home/rv66rental/htdocs/www.rv66rental.com/projects/vendor/laravel/framework/src/Illuminate/Database/Connectors/Connector.php(70): PDO->__construct()
#1 /home/rv66rental/htdocs/www.rv66rental.com/projects/vendor/laravel/framework/src/Illuminate/Database/Connectors/Connector.php(100): Illuminate\\Database\\Connectors\\Connector->createPdoConnection()
#2 /home/rv66rental/htdocs/www.rv66rental.com/projects/vendor/laravel/framework/src/Illuminate/Database/Connectors/Connector.php(50): Illuminate\\Database\\Connectors\\Connector->tryAgainIfCausedByLostConnection()
#3 /home/rv66rental/htdocs/www.rv66rental.com/projects/vendor/laravel/framework/src/Illuminate/Database/Connectors/MySqlConnector.php(24): Illuminate\\Database\\Connectors\\Connector->createConnection()
#4 /home/rv66rental/htdocs/www.rv66rental.com/projects/vendor/laravel/framework/src/Illuminate/Database/Connectors/ConnectionFactory.php(184): Illuminate\\Database\\Connectors\\MySqlConnector->connect()
#5 [internal function]: Illuminate\\Database\\Connectors\\ConnectionFactory->Illuminate\\Database\\Connectors\\{closure}()
#6 /home/rv66rental/htdocs/www.rv66rental.com/projects/vendor/laravel/framework/src/Illuminate/Database/Connection.php(1181): call_user_func()
#7 /home/rv66rental/htdocs/www.rv66rental.com/projects/vendor/laravel/framework/src/Illuminate/Database/Connection.php(1217): Illuminate\\Database\\Connection->getPdo()
#8 /home/rv66rental/htdocs/www.rv66rental.com/projects/vendor/laravel/framework/src/Illuminate/Database/Connection.php(486): Illuminate\\Database\\Connection->getReadPdo()
#9 /home/rv66rental/htdocs/www.rv66rental.com/projects/vendor/laravel/framework/src/Illuminate/Database/Connection.php(414): Illuminate\\Database\\Connection->getPdoForSelect()
#10 /home/rv66rental/htdocs/www.rv66rental.com/projects/vendor/laravel/framework/src/Illuminate/Database/Connection.php(753): Illuminate\\Database\\Connection->Illuminate\\Database\\{closure}()
#11 /home/rv66rental/htdocs/www.rv66rental.com/projects/vendor/laravel/framework/src/Illuminate/Database/Connection.php(899): Illuminate\\Database\\Connection->runQueryCallback()
#12 /home/rv66rental/htdocs/www.rv66rental.com/projects/vendor/laravel/framework/src/Illuminate/Database/Connection.php(879): Illuminate\\Database\\Connection->tryAgainIfCausedByLostConnection()
#13 /home/rv66rental/htdocs/www.rv66rental.com/projects/vendor/laravel/framework/src/Illuminate/Database/Connection.php(723): Illuminate\\Database\\Connection->handleQueryException()
#14 /home/rv66rental/htdocs/www.rv66rental.com/projects/vendor/laravel/framework/src/Illuminate/Database/Connection.php(422): Illuminate\\Database\\Connection->run()
#15 /home/rv66rental/htdocs/www.rv66rental.com/projects/vendor/laravel/framework/src/Illuminate/Database/Query/Builder.php(2706): Illuminate\\Database\\Connection->select()
#16 /home/rv66rental/htdocs/www.rv66rental.com/projects/vendor/laravel/framework/src/Illuminate/Database/Query/Builder.php(2694): Illuminate\\Database\\Query\\Builder->runSelect()
#17 /home/rv66rental/htdocs/www.rv66rental.com/projects/vendor/laravel/framework/src/Illuminate/Database/Query/Builder.php(3230): Illuminate\\Database\\Query\\Builder->Illuminate\\Database\\Query\\{closure}()
#18 /home/rv66rental/htdocs/www.rv66rental.com/projects/vendor/laravel/framework/src/Illuminate/Database/Query/Builder.php(2695): Illuminate\\Database\\Query\\Builder->onceWithColumns()
#19 /home/rv66rental/htdocs/www.rv66rental.com/projects/vendor/laravel/framework/src/Illuminate/Database/Eloquent/Builder.php(710): Illuminate\\Database\\Query\\Builder->get()
#20 /home/rv66rental/htdocs/www.rv66rental.com/projects/vendor/laravel/framework/src/Illuminate/Database/Eloquent/Builder.php(694): Illuminate\\Database\\Eloquent\\Builder->getModels()
#21 /home/rv66rental/htdocs/www.rv66rental.com/projects/vendor/laravel/framework/src/Illuminate/Support/Traits/ForwardsCalls.php(23): Illuminate\\Database\\Eloquent\\Builder->get()
#22 /home/rv66rental/htdocs/www.rv66rental.com/projects/vendor/laravel/framework/src/Illuminate/Database/Eloquent/Model.php(2330): Illuminate\\Database\\Eloquent\\Model->forwardCallTo()
#23 /home/rv66rental/htdocs/www.rv66rental.com/projects/vendor/laravel/framework/src/Illuminate/Database/Eloquent/Model.php(2342): Illuminate\\Database\\Eloquent\\Model->__call()
#24 /home/rv66rental/htdocs/www.rv66rental.com/projects/app/Providers/AppServiceProvider.php(31): Illuminate\\Database\\Eloquent\\Model::__callStatic()
#25 /home/rv66rental/htdocs/www.rv66rental.com/projects/vendor/laravel/framework/src/Illuminate/Container/BoundMethod.php(36): App\\Providers\\AppServiceProvider->boot()
#26 /home/rv66rental/htdocs/www.rv66rental.com/projects/vendor/laravel/framework/src/Illuminate/Container/Util.php(41): Illuminate\\Container\\BoundMethod::Illuminate\\Container\\{closure}()
#27 /home/rv66rental/htdocs/www.rv66rental.com/projects/vendor/laravel/framework/src/Illuminate/Container/BoundMethod.php(93): Illuminate\\Container\\Util::unwrapIfClosure()
#28 /home/rv66rental/htdocs/www.rv66rental.com/projects/vendor/laravel/framework/src/Illuminate/Container/BoundMethod.php(37): Illuminate\\Container\\BoundMethod::callBoundMethod()
#29 /home/rv66rental/htdocs/www.rv66rental.com/projects/vendor/laravel/framework/src/Illuminate/Container/Container.php(661): Illuminate\\Container\\BoundMethod::call()
#30 /home/rv66rental/htdocs/www.rv66rental.com/projects/vendor/laravel/framework/src/Illuminate/Foundation/Application.php(929): Illuminate\\Container\\Container->call()
#31 /home/rv66rental/htdocs/www.rv66rental.com/projects/vendor/laravel/framework/src/Illuminate/Foundation/Application.php(910): Illuminate\\Foundation\\Application->bootProvider()
#32 [internal function]: Illuminate\\Foundation\\Application->Illuminate\\Foundation\\{closure}()
#33 /home/rv66rental/htdocs/www.rv66rental.com/projects/vendor/laravel/framework/src/Illuminate/Foundation/Application.php(911): array_walk()
#34 /home/rv66rental/htdocs/www.rv66rental.com/projects/vendor/laravel/framework/src/Illuminate/Foundation/Bootstrap/BootProviders.php(17): Illuminate\\Foundation\\Application->boot()
#35 /home/rv66rental/htdocs/www.rv66rental.com/projects/vendor/laravel/framework/src/Illuminate/Foundation/Application.php(242): Illuminate\\Foundation\\Bootstrap\\BootProviders->bootstrap()
#36 /home/rv66rental/htdocs/www.rv66rental.com/projects/vendor/laravel/framework/src/Illuminate/Foundation/Http/Kernel.php(176): Illuminate\\Foundation\\Application->bootstrapWith()
#37 /home/rv66rental/htdocs/www.rv66rental.com/projects/vendor/laravel/framework/src/Illuminate/Foundation/Http/Kernel.php(160): Illuminate\\Foundation\\Http\\Kernel->bootstrap()
#38 /home/rv66rental/htdocs/www.rv66rental.com/projects/vendor/laravel/framework/src/Illuminate/Foundation/Http/Kernel.php(134): Illuminate\\Foundation\\Http\\Kernel->sendRequestThroughRouter()
#39 /home/rv66rental/htdocs/www.rv66rental.com/index.php(54): Illuminate\\Foundation\\Http\\Kernel->handle()
#40 {main}
"} 
[2025-06-28 12:41:14] local.ERROR: SQLSTATE[HY000] [2002] Connection refused (SQL: select * from `basic_settings`) {"exception":"[object] (Illuminate\\Database\\QueryException(code: 2002): SQLSTATE[HY000] [2002] Connection refused (SQL: select * from `basic_settings`) at /home/rv66rental/htdocs/www.rv66rental.com/projects/vendor/laravel/framework/src/Illuminate/Database/Connection.php:760)
[stacktrace]
#0 /home/rv66rental/htdocs/www.rv66rental.com/projects/vendor/laravel/framework/src/Illuminate/Database/Connection.php(899): Illuminate\\Database\\Connection->runQueryCallback()
#1 /home/rv66rental/htdocs/www.rv66rental.com/projects/vendor/laravel/framework/src/Illuminate/Database/Connection.php(879): Illuminate\\Database\\Connection->tryAgainIfCausedByLostConnection()
#2 /home/rv66rental/htdocs/www.rv66rental.com/projects/vendor/laravel/framework/src/Illuminate/Database/Connection.php(723): Illuminate\\Database\\Connection->handleQueryException()
#3 /home/rv66rental/htdocs/www.rv66rental.com/projects/vendor/laravel/framework/src/Illuminate/Database/Connection.php(422): Illuminate\\Database\\Connection->run()
#4 /home/rv66rental/htdocs/www.rv66rental.com/projects/vendor/laravel/framework/src/Illuminate/Database/Query/Builder.php(2706): Illuminate\\Database\\Connection->select()
#5 /home/rv66rental/htdocs/www.rv66rental.com/projects/vendor/laravel/framework/src/Illuminate/Database/Query/Builder.php(2694): Illuminate\\Database\\Query\\Builder->runSelect()
#6 /home/rv66rental/htdocs/www.rv66rental.com/projects/vendor/laravel/framework/src/Illuminate/Database/Query/Builder.php(3230): Illuminate\\Database\\Query\\Builder->Illuminate\\Database\\Query\\{closure}()
#7 /home/rv66rental/htdocs/www.rv66rental.com/projects/vendor/laravel/framework/src/Illuminate/Database/Query/Builder.php(2695): Illuminate\\Database\\Query\\Builder->onceWithColumns()
#8 /home/rv66rental/htdocs/www.rv66rental.com/projects/vendor/laravel/framework/src/Illuminate/Database/Eloquent/Builder.php(710): Illuminate\\Database\\Query\\Builder->get()
#9 /home/rv66rental/htdocs/www.rv66rental.com/projects/vendor/laravel/framework/src/Illuminate/Database/Eloquent/Builder.php(694): Illuminate\\Database\\Eloquent\\Builder->getModels()
#10 /home/rv66rental/htdocs/www.rv66rental.com/projects/vendor/laravel/framework/src/Illuminate/Support/Traits/ForwardsCalls.php(23): Illuminate\\Database\\Eloquent\\Builder->get()
#11 /home/rv66rental/htdocs/www.rv66rental.com/projects/vendor/laravel/framework/src/Illuminate/Database/Eloquent/Model.php(2330): Illuminate\\Database\\Eloquent\\Model->forwardCallTo()
#12 /home/rv66rental/htdocs/www.rv66rental.com/projects/vendor/laravel/framework/src/Illuminate/Database/Eloquent/Model.php(2342): Illuminate\\Database\\Eloquent\\Model->__call()
#13 /home/rv66rental/htdocs/www.rv66rental.com/projects/app/Providers/AppServiceProvider.php(31): Illuminate\\Database\\Eloquent\\Model::__callStatic()
#14 /home/rv66rental/htdocs/www.rv66rental.com/projects/vendor/laravel/framework/src/Illuminate/Container/BoundMethod.php(36): App\\Providers\\AppServiceProvider->boot()
#15 /home/rv66rental/htdocs/www.rv66rental.com/projects/vendor/laravel/framework/src/Illuminate/Container/Util.php(41): Illuminate\\Container\\BoundMethod::Illuminate\\Container\\{closure}()
#16 /home/rv66rental/htdocs/www.rv66rental.com/projects/vendor/laravel/framework/src/Illuminate/Container/BoundMethod.php(93): Illuminate\\Container\\Util::unwrapIfClosure()
#17 /home/rv66rental/htdocs/www.rv66rental.com/projects/vendor/laravel/framework/src/Illuminate/Container/BoundMethod.php(37): Illuminate\\Container\\BoundMethod::callBoundMethod()
#18 /home/rv66rental/htdocs/www.rv66rental.com/projects/vendor/laravel/framework/src/Illuminate/Container/Container.php(661): Illuminate\\Container\\BoundMethod::call()
#19 /home/rv66rental/htdocs/www.rv66rental.com/projects/vendor/laravel/framework/src/Illuminate/Foundation/Application.php(929): Illuminate\\Container\\Container->call()
#20 /home/rv66rental/htdocs/www.rv66rental.com/projects/vendor/laravel/framework/src/Illuminate/Foundation/Application.php(910): Illuminate\\Foundation\\Application->bootProvider()
#21 [internal function]: Illuminate\\Foundation\\Application->Illuminate\\Foundation\\{closure}()
#22 /home/rv66rental/htdocs/www.rv66rental.com/projects/vendor/laravel/framework/src/Illuminate/Foundation/Application.php(911): array_walk()
#23 /home/rv66rental/htdocs/www.rv66rental.com/projects/vendor/laravel/framework/src/Illuminate/Foundation/Bootstrap/BootProviders.php(17): Illuminate\\Foundation\\Application->boot()
#24 /home/rv66rental/htdocs/www.rv66rental.com/projects/vendor/laravel/framework/src/Illuminate/Foundation/Application.php(242): Illuminate\\Foundation\\Bootstrap\\BootProviders->bootstrap()
#25 /home/rv66rental/htdocs/www.rv66rental.com/projects/vendor/laravel/framework/src/Illuminate/Foundation/Http/Kernel.php(176): Illuminate\\Foundation\\Application->bootstrapWith()
#26 /home/rv66rental/htdocs/www.rv66rental.com/projects/vendor/laravel/framework/src/Illuminate/Foundation/Http/Kernel.php(160): Illuminate\\Foundation\\Http\\Kernel->bootstrap()
#27 /home/rv66rental/htdocs/www.rv66rental.com/projects/vendor/laravel/framework/src/Illuminate/Foundation/Http/Kernel.php(134): Illuminate\\Foundation\\Http\\Kernel->sendRequestThroughRouter()
#28 /home/rv66rental/htdocs/www.rv66rental.com/index.php(54): Illuminate\\Foundation\\Http\\Kernel->handle()
#29 {main}

[previous exception] [object] (PDOException(code: 2002): SQLSTATE[HY000] [2002] Connection refused at /home/rv66rental/htdocs/www.rv66rental.com/projects/vendor/laravel/framework/src/Illuminate/Database/Connectors/Connector.php:70)
[stacktrace]
#0 /home/rv66rental/htdocs/www.rv66rental.com/projects/vendor/laravel/framework/src/Illuminate/Database/Connectors/Connector.php(70): PDO->__construct()
#1 /home/rv66rental/htdocs/www.rv66rental.com/projects/vendor/laravel/framework/src/Illuminate/Database/Connectors/Connector.php(100): Illuminate\\Database\\Connectors\\Connector->createPdoConnection()
#2 /home/rv66rental/htdocs/www.rv66rental.com/projects/vendor/laravel/framework/src/Illuminate/Database/Connectors/Connector.php(50): Illuminate\\Database\\Connectors\\Connector->tryAgainIfCausedByLostConnection()
#3 /home/rv66rental/htdocs/www.rv66rental.com/projects/vendor/laravel/framework/src/Illuminate/Database/Connectors/MySqlConnector.php(24): Illuminate\\Database\\Connectors\\Connector->createConnection()
#4 /home/rv66rental/htdocs/www.rv66rental.com/projects/vendor/laravel/framework/src/Illuminate/Database/Connectors/ConnectionFactory.php(184): Illuminate\\Database\\Connectors\\MySqlConnector->connect()
#5 [internal function]: Illuminate\\Database\\Connectors\\ConnectionFactory->Illuminate\\Database\\Connectors\\{closure}()
#6 /home/rv66rental/htdocs/www.rv66rental.com/projects/vendor/laravel/framework/src/Illuminate/Database/Connection.php(1181): call_user_func()
#7 /home/rv66rental/htdocs/www.rv66rental.com/projects/vendor/laravel/framework/src/Illuminate/Database/Connection.php(1217): Illuminate\\Database\\Connection->getPdo()
#8 /home/rv66rental/htdocs/www.rv66rental.com/projects/vendor/laravel/framework/src/Illuminate/Database/Connection.php(486): Illuminate\\Database\\Connection->getReadPdo()
#9 /home/rv66rental/htdocs/www.rv66rental.com/projects/vendor/laravel/framework/src/Illuminate/Database/Connection.php(414): Illuminate\\Database\\Connection->getPdoForSelect()
#10 /home/rv66rental/htdocs/www.rv66rental.com/projects/vendor/laravel/framework/src/Illuminate/Database/Connection.php(753): Illuminate\\Database\\Connection->Illuminate\\Database\\{closure}()
#11 /home/rv66rental/htdocs/www.rv66rental.com/projects/vendor/laravel/framework/src/Illuminate/Database/Connection.php(899): Illuminate\\Database\\Connection->runQueryCallback()
#12 /home/rv66rental/htdocs/www.rv66rental.com/projects/vendor/laravel/framework/src/Illuminate/Database/Connection.php(879): Illuminate\\Database\\Connection->tryAgainIfCausedByLostConnection()
#13 /home/rv66rental/htdocs/www.rv66rental.com/projects/vendor/laravel/framework/src/Illuminate/Database/Connection.php(723): Illuminate\\Database\\Connection->handleQueryException()
#14 /home/rv66rental/htdocs/www.rv66rental.com/projects/vendor/laravel/framework/src/Illuminate/Database/Connection.php(422): Illuminate\\Database\\Connection->run()
#15 /home/rv66rental/htdocs/www.rv66rental.com/projects/vendor/laravel/framework/src/Illuminate/Database/Query/Builder.php(2706): Illuminate\\Database\\Connection->select()
#16 /home/rv66rental/htdocs/www.rv66rental.com/projects/vendor/laravel/framework/src/Illuminate/Database/Query/Builder.php(2694): Illuminate\\Database\\Query\\Builder->runSelect()
#17 /home/rv66rental/htdocs/www.rv66rental.com/projects/vendor/laravel/framework/src/Illuminate/Database/Query/Builder.php(3230): Illuminate\\Database\\Query\\Builder->Illuminate\\Database\\Query\\{closure}()
#18 /home/rv66rental/htdocs/www.rv66rental.com/projects/vendor/laravel/framework/src/Illuminate/Database/Query/Builder.php(2695): Illuminate\\Database\\Query\\Builder->onceWithColumns()
#19 /home/rv66rental/htdocs/www.rv66rental.com/projects/vendor/laravel/framework/src/Illuminate/Database/Eloquent/Builder.php(710): Illuminate\\Database\\Query\\Builder->get()
#20 /home/rv66rental/htdocs/www.rv66rental.com/projects/vendor/laravel/framework/src/Illuminate/Database/Eloquent/Builder.php(694): Illuminate\\Database\\Eloquent\\Builder->getModels()
#21 /home/rv66rental/htdocs/www.rv66rental.com/projects/vendor/laravel/framework/src/Illuminate/Support/Traits/ForwardsCalls.php(23): Illuminate\\Database\\Eloquent\\Builder->get()
#22 /home/rv66rental/htdocs/www.rv66rental.com/projects/vendor/laravel/framework/src/Illuminate/Database/Eloquent/Model.php(2330): Illuminate\\Database\\Eloquent\\Model->forwardCallTo()
#23 /home/rv66rental/htdocs/www.rv66rental.com/projects/vendor/laravel/framework/src/Illuminate/Database/Eloquent/Model.php(2342): Illuminate\\Database\\Eloquent\\Model->__call()
#24 /home/rv66rental/htdocs/www.rv66rental.com/projects/app/Providers/AppServiceProvider.php(31): Illuminate\\Database\\Eloquent\\Model::__callStatic()
#25 /home/rv66rental/htdocs/www.rv66rental.com/projects/vendor/laravel/framework/src/Illuminate/Container/BoundMethod.php(36): App\\Providers\\AppServiceProvider->boot()
#26 /home/rv66rental/htdocs/www.rv66rental.com/projects/vendor/laravel/framework/src/Illuminate/Container/Util.php(41): Illuminate\\Container\\BoundMethod::Illuminate\\Container\\{closure}()
#27 /home/rv66rental/htdocs/www.rv66rental.com/projects/vendor/laravel/framework/src/Illuminate/Container/BoundMethod.php(93): Illuminate\\Container\\Util::unwrapIfClosure()
#28 /home/rv66rental/htdocs/www.rv66rental.com/projects/vendor/laravel/framework/src/Illuminate/Container/BoundMethod.php(37): Illuminate\\Container\\BoundMethod::callBoundMethod()
#29 /home/rv66rental/htdocs/www.rv66rental.com/projects/vendor/laravel/framework/src/Illuminate/Container/Container.php(661): Illuminate\\Container\\BoundMethod::call()
#30 /home/rv66rental/htdocs/www.rv66rental.com/projects/vendor/laravel/framework/src/Illuminate/Foundation/Application.php(929): Illuminate\\Container\\Container->call()
#31 /home/rv66rental/htdocs/www.rv66rental.com/projects/vendor/laravel/framework/src/Illuminate/Foundation/Application.php(910): Illuminate\\Foundation\\Application->bootProvider()
#32 [internal function]: Illuminate\\Foundation\\Application->Illuminate\\Foundation\\{closure}()
#33 /home/rv66rental/htdocs/www.rv66rental.com/projects/vendor/laravel/framework/src/Illuminate/Foundation/Application.php(911): array_walk()
#34 /home/rv66rental/htdocs/www.rv66rental.com/projects/vendor/laravel/framework/src/Illuminate/Foundation/Bootstrap/BootProviders.php(17): Illuminate\\Foundation\\Application->boot()
#35 /home/rv66rental/htdocs/www.rv66rental.com/projects/vendor/laravel/framework/src/Illuminate/Foundation/Application.php(242): Illuminate\\Foundation\\Bootstrap\\BootProviders->bootstrap()
#36 /home/rv66rental/htdocs/www.rv66rental.com/projects/vendor/laravel/framework/src/Illuminate/Foundation/Http/Kernel.php(176): Illuminate\\Foundation\\Application->bootstrapWith()
#37 /home/rv66rental/htdocs/www.rv66rental.com/projects/vendor/laravel/framework/src/Illuminate/Foundation/Http/Kernel.php(160): Illuminate\\Foundation\\Http\\Kernel->bootstrap()
#38 /home/rv66rental/htdocs/www.rv66rental.com/projects/vendor/laravel/framework/src/Illuminate/Foundation/Http/Kernel.php(134): Illuminate\\Foundation\\Http\\Kernel->sendRequestThroughRouter()
#39 /home/rv66rental/htdocs/www.rv66rental.com/index.php(54): Illuminate\\Foundation\\Http\\Kernel->handle()
#40 {main}
"} 
[2025-06-28 12:41:16] local.ERROR: SQLSTATE[HY000] [2002] Connection refused (SQL: select * from `basic_settings`) {"exception":"[object] (Illuminate\\Database\\QueryException(code: 2002): SQLSTATE[HY000] [2002] Connection refused (SQL: select * from `basic_settings`) at /home/rv66rental/htdocs/www.rv66rental.com/projects/vendor/laravel/framework/src/Illuminate/Database/Connection.php:760)
[stacktrace]
#0 /home/rv66rental/htdocs/www.rv66rental.com/projects/vendor/laravel/framework/src/Illuminate/Database/Connection.php(899): Illuminate\\Database\\Connection->runQueryCallback()
#1 /home/rv66rental/htdocs/www.rv66rental.com/projects/vendor/laravel/framework/src/Illuminate/Database/Connection.php(879): Illuminate\\Database\\Connection->tryAgainIfCausedByLostConnection()
#2 /home/rv66rental/htdocs/www.rv66rental.com/projects/vendor/laravel/framework/src/Illuminate/Database/Connection.php(723): Illuminate\\Database\\Connection->handleQueryException()
#3 /home/rv66rental/htdocs/www.rv66rental.com/projects/vendor/laravel/framework/src/Illuminate/Database/Connection.php(422): Illuminate\\Database\\Connection->run()
#4 /home/rv66rental/htdocs/www.rv66rental.com/projects/vendor/laravel/framework/src/Illuminate/Database/Query/Builder.php(2706): Illuminate\\Database\\Connection->select()
#5 /home/rv66rental/htdocs/www.rv66rental.com/projects/vendor/laravel/framework/src/Illuminate/Database/Query/Builder.php(2694): Illuminate\\Database\\Query\\Builder->runSelect()
#6 /home/rv66rental/htdocs/www.rv66rental.com/projects/vendor/laravel/framework/src/Illuminate/Database/Query/Builder.php(3230): Illuminate\\Database\\Query\\Builder->Illuminate\\Database\\Query\\{closure}()
#7 /home/rv66rental/htdocs/www.rv66rental.com/projects/vendor/laravel/framework/src/Illuminate/Database/Query/Builder.php(2695): Illuminate\\Database\\Query\\Builder->onceWithColumns()
#8 /home/rv66rental/htdocs/www.rv66rental.com/projects/vendor/laravel/framework/src/Illuminate/Database/Eloquent/Builder.php(710): Illuminate\\Database\\Query\\Builder->get()
#9 /home/rv66rental/htdocs/www.rv66rental.com/projects/vendor/laravel/framework/src/Illuminate/Database/Eloquent/Builder.php(694): Illuminate\\Database\\Eloquent\\Builder->getModels()
#10 /home/rv66rental/htdocs/www.rv66rental.com/projects/vendor/laravel/framework/src/Illuminate/Support/Traits/ForwardsCalls.php(23): Illuminate\\Database\\Eloquent\\Builder->get()
#11 /home/rv66rental/htdocs/www.rv66rental.com/projects/vendor/laravel/framework/src/Illuminate/Database/Eloquent/Model.php(2330): Illuminate\\Database\\Eloquent\\Model->forwardCallTo()
#12 /home/rv66rental/htdocs/www.rv66rental.com/projects/vendor/laravel/framework/src/Illuminate/Database/Eloquent/Model.php(2342): Illuminate\\Database\\Eloquent\\Model->__call()
#13 /home/rv66rental/htdocs/www.rv66rental.com/projects/app/Providers/AppServiceProvider.php(31): Illuminate\\Database\\Eloquent\\Model::__callStatic()
#14 /home/rv66rental/htdocs/www.rv66rental.com/projects/vendor/laravel/framework/src/Illuminate/Container/BoundMethod.php(36): App\\Providers\\AppServiceProvider->boot()
#15 /home/rv66rental/htdocs/www.rv66rental.com/projects/vendor/laravel/framework/src/Illuminate/Container/Util.php(41): Illuminate\\Container\\BoundMethod::Illuminate\\Container\\{closure}()
#16 /home/rv66rental/htdocs/www.rv66rental.com/projects/vendor/laravel/framework/src/Illuminate/Container/BoundMethod.php(93): Illuminate\\Container\\Util::unwrapIfClosure()
#17 /home/rv66rental/htdocs/www.rv66rental.com/projects/vendor/laravel/framework/src/Illuminate/Container/BoundMethod.php(37): Illuminate\\Container\\BoundMethod::callBoundMethod()
#18 /home/rv66rental/htdocs/www.rv66rental.com/projects/vendor/laravel/framework/src/Illuminate/Container/Container.php(661): Illuminate\\Container\\BoundMethod::call()
#19 /home/rv66rental/htdocs/www.rv66rental.com/projects/vendor/laravel/framework/src/Illuminate/Foundation/Application.php(929): Illuminate\\Container\\Container->call()
#20 /home/rv66rental/htdocs/www.rv66rental.com/projects/vendor/laravel/framework/src/Illuminate/Foundation/Application.php(910): Illuminate\\Foundation\\Application->bootProvider()
#21 [internal function]: Illuminate\\Foundation\\Application->Illuminate\\Foundation\\{closure}()
#22 /home/rv66rental/htdocs/www.rv66rental.com/projects/vendor/laravel/framework/src/Illuminate/Foundation/Application.php(911): array_walk()
#23 /home/rv66rental/htdocs/www.rv66rental.com/projects/vendor/laravel/framework/src/Illuminate/Foundation/Bootstrap/BootProviders.php(17): Illuminate\\Foundation\\Application->boot()
#24 /home/rv66rental/htdocs/www.rv66rental.com/projects/vendor/laravel/framework/src/Illuminate/Foundation/Application.php(242): Illuminate\\Foundation\\Bootstrap\\BootProviders->bootstrap()
#25 /home/rv66rental/htdocs/www.rv66rental.com/projects/vendor/laravel/framework/src/Illuminate/Foundation/Http/Kernel.php(176): Illuminate\\Foundation\\Application->bootstrapWith()
#26 /home/rv66rental/htdocs/www.rv66rental.com/projects/vendor/laravel/framework/src/Illuminate/Foundation/Http/Kernel.php(160): Illuminate\\Foundation\\Http\\Kernel->bootstrap()
#27 /home/rv66rental/htdocs/www.rv66rental.com/projects/vendor/laravel/framework/src/Illuminate/Foundation/Http/Kernel.php(134): Illuminate\\Foundation\\Http\\Kernel->sendRequestThroughRouter()
#28 /home/rv66rental/htdocs/www.rv66rental.com/index.php(54): Illuminate\\Foundation\\Http\\Kernel->handle()
#29 {main}

[previous exception] [object] (PDOException(code: 2002): SQLSTATE[HY000] [2002] Connection refused at /home/rv66rental/htdocs/www.rv66rental.com/projects/vendor/laravel/framework/src/Illuminate/Database/Connectors/Connector.php:70)
[stacktrace]
#0 /home/rv66rental/htdocs/www.rv66rental.com/projects/vendor/laravel/framework/src/Illuminate/Database/Connectors/Connector.php(70): PDO->__construct()
#1 /home/rv66rental/htdocs/www.rv66rental.com/projects/vendor/laravel/framework/src/Illuminate/Database/Connectors/Connector.php(100): Illuminate\\Database\\Connectors\\Connector->createPdoConnection()
#2 /home/rv66rental/htdocs/www.rv66rental.com/projects/vendor/laravel/framework/src/Illuminate/Database/Connectors/Connector.php(50): Illuminate\\Database\\Connectors\\Connector->tryAgainIfCausedByLostConnection()
#3 /home/rv66rental/htdocs/www.rv66rental.com/projects/vendor/laravel/framework/src/Illuminate/Database/Connectors/MySqlConnector.php(24): Illuminate\\Database\\Connectors\\Connector->createConnection()
#4 /home/rv66rental/htdocs/www.rv66rental.com/projects/vendor/laravel/framework/src/Illuminate/Database/Connectors/ConnectionFactory.php(184): Illuminate\\Database\\Connectors\\MySqlConnector->connect()
#5 [internal function]: Illuminate\\Database\\Connectors\\ConnectionFactory->Illuminate\\Database\\Connectors\\{closure}()
#6 /home/rv66rental/htdocs/www.rv66rental.com/projects/vendor/laravel/framework/src/Illuminate/Database/Connection.php(1181): call_user_func()
#7 /home/rv66rental/htdocs/www.rv66rental.com/projects/vendor/laravel/framework/src/Illuminate/Database/Connection.php(1217): Illuminate\\Database\\Connection->getPdo()
#8 /home/rv66rental/htdocs/www.rv66rental.com/projects/vendor/laravel/framework/src/Illuminate/Database/Connection.php(486): Illuminate\\Database\\Connection->getReadPdo()
#9 /home/rv66rental/htdocs/www.rv66rental.com/projects/vendor/laravel/framework/src/Illuminate/Database/Connection.php(414): Illuminate\\Database\\Connection->getPdoForSelect()
#10 /home/rv66rental/htdocs/www.rv66rental.com/projects/vendor/laravel/framework/src/Illuminate/Database/Connection.php(753): Illuminate\\Database\\Connection->Illuminate\\Database\\{closure}()
#11 /home/rv66rental/htdocs/www.rv66rental.com/projects/vendor/laravel/framework/src/Illuminate/Database/Connection.php(899): Illuminate\\Database\\Connection->runQueryCallback()
#12 /home/rv66rental/htdocs/www.rv66rental.com/projects/vendor/laravel/framework/src/Illuminate/Database/Connection.php(879): Illuminate\\Database\\Connection->tryAgainIfCausedByLostConnection()
#13 /home/rv66rental/htdocs/www.rv66rental.com/projects/vendor/laravel/framework/src/Illuminate/Database/Connection.php(723): Illuminate\\Database\\Connection->handleQueryException()
#14 /home/rv66rental/htdocs/www.rv66rental.com/projects/vendor/laravel/framework/src/Illuminate/Database/Connection.php(422): Illuminate\\Database\\Connection->run()
#15 /home/rv66rental/htdocs/www.rv66rental.com/projects/vendor/laravel/framework/src/Illuminate/Database/Query/Builder.php(2706): Illuminate\\Database\\Connection->select()
#16 /home/rv66rental/htdocs/www.rv66rental.com/projects/vendor/laravel/framework/src/Illuminate/Database/Query/Builder.php(2694): Illuminate\\Database\\Query\\Builder->runSelect()
#17 /home/rv66rental/htdocs/www.rv66rental.com/projects/vendor/laravel/framework/src/Illuminate/Database/Query/Builder.php(3230): Illuminate\\Database\\Query\\Builder->Illuminate\\Database\\Query\\{closure}()
#18 /home/rv66rental/htdocs/www.rv66rental.com/projects/vendor/laravel/framework/src/Illuminate/Database/Query/Builder.php(2695): Illuminate\\Database\\Query\\Builder->onceWithColumns()
#19 /home/rv66rental/htdocs/www.rv66rental.com/projects/vendor/laravel/framework/src/Illuminate/Database/Eloquent/Builder.php(710): Illuminate\\Database\\Query\\Builder->get()
#20 /home/rv66rental/htdocs/www.rv66rental.com/projects/vendor/laravel/framework/src/Illuminate/Database/Eloquent/Builder.php(694): Illuminate\\Database\\Eloquent\\Builder->getModels()
#21 /home/rv66rental/htdocs/www.rv66rental.com/projects/vendor/laravel/framework/src/Illuminate/Support/Traits/ForwardsCalls.php(23): Illuminate\\Database\\Eloquent\\Builder->get()
#22 /home/rv66rental/htdocs/www.rv66rental.com/projects/vendor/laravel/framework/src/Illuminate/Database/Eloquent/Model.php(2330): Illuminate\\Database\\Eloquent\\Model->forwardCallTo()
#23 /home/rv66rental/htdocs/www.rv66rental.com/projects/vendor/laravel/framework/src/Illuminate/Database/Eloquent/Model.php(2342): Illuminate\\Database\\Eloquent\\Model->__call()
#24 /home/rv66rental/htdocs/www.rv66rental.com/projects/app/Providers/AppServiceProvider.php(31): Illuminate\\Database\\Eloquent\\Model::__callStatic()
#25 /home/rv66rental/htdocs/www.rv66rental.com/projects/vendor/laravel/framework/src/Illuminate/Container/BoundMethod.php(36): App\\Providers\\AppServiceProvider->boot()
#26 /home/rv66rental/htdocs/www.rv66rental.com/projects/vendor/laravel/framework/src/Illuminate/Container/Util.php(41): Illuminate\\Container\\BoundMethod::Illuminate\\Container\\{closure}()
#27 /home/rv66rental/htdocs/www.rv66rental.com/projects/vendor/laravel/framework/src/Illuminate/Container/BoundMethod.php(93): Illuminate\\Container\\Util::unwrapIfClosure()
#28 /home/rv66rental/htdocs/www.rv66rental.com/projects/vendor/laravel/framework/src/Illuminate/Container/BoundMethod.php(37): Illuminate\\Container\\BoundMethod::callBoundMethod()
#29 /home/rv66rental/htdocs/www.rv66rental.com/projects/vendor/laravel/framework/src/Illuminate/Container/Container.php(661): Illuminate\\Container\\BoundMethod::call()
#30 /home/rv66rental/htdocs/www.rv66rental.com/projects/vendor/laravel/framework/src/Illuminate/Foundation/Application.php(929): Illuminate\\Container\\Container->call()
#31 /home/rv66rental/htdocs/www.rv66rental.com/projects/vendor/laravel/framework/src/Illuminate/Foundation/Application.php(910): Illuminate\\Foundation\\Application->bootProvider()
#32 [internal function]: Illuminate\\Foundation\\Application->Illuminate\\Foundation\\{closure}()
#33 /home/rv66rental/htdocs/www.rv66rental.com/projects/vendor/laravel/framework/src/Illuminate/Foundation/Application.php(911): array_walk()
#34 /home/rv66rental/htdocs/www.rv66rental.com/projects/vendor/laravel/framework/src/Illuminate/Foundation/Bootstrap/BootProviders.php(17): Illuminate\\Foundation\\Application->boot()
#35 /home/rv66rental/htdocs/www.rv66rental.com/projects/vendor/laravel/framework/src/Illuminate/Foundation/Application.php(242): Illuminate\\Foundation\\Bootstrap\\BootProviders->bootstrap()
#36 /home/rv66rental/htdocs/www.rv66rental.com/projects/vendor/laravel/framework/src/Illuminate/Foundation/Http/Kernel.php(176): Illuminate\\Foundation\\Application->bootstrapWith()
#37 /home/rv66rental/htdocs/www.rv66rental.com/projects/vendor/laravel/framework/src/Illuminate/Foundation/Http/Kernel.php(160): Illuminate\\Foundation\\Http\\Kernel->bootstrap()
#38 /home/rv66rental/htdocs/www.rv66rental.com/projects/vendor/laravel/framework/src/Illuminate/Foundation/Http/Kernel.php(134): Illuminate\\Foundation\\Http\\Kernel->sendRequestThroughRouter()
#39 /home/rv66rental/htdocs/www.rv66rental.com/index.php(54): Illuminate\\Foundation\\Http\\Kernel->handle()
#40 {main}
"} 
[2025-06-28 12:41:16] local.ERROR: SQLSTATE[HY000] [2002] Connection refused (SQL: select * from `basic_settings`) {"exception":"[object] (Illuminate\\Database\\QueryException(code: 2002): SQLSTATE[HY000] [2002] Connection refused (SQL: select * from `basic_settings`) at /home/rv66rental/htdocs/www.rv66rental.com/projects/vendor/laravel/framework/src/Illuminate/Database/Connection.php:760)
[stacktrace]
#0 /home/rv66rental/htdocs/www.rv66rental.com/projects/vendor/laravel/framework/src/Illuminate/Database/Connection.php(899): Illuminate\\Database\\Connection->runQueryCallback()
#1 /home/rv66rental/htdocs/www.rv66rental.com/projects/vendor/laravel/framework/src/Illuminate/Database/Connection.php(879): Illuminate\\Database\\Connection->tryAgainIfCausedByLostConnection()
#2 /home/rv66rental/htdocs/www.rv66rental.com/projects/vendor/laravel/framework/src/Illuminate/Database/Connection.php(723): Illuminate\\Database\\Connection->handleQueryException()
#3 /home/rv66rental/htdocs/www.rv66rental.com/projects/vendor/laravel/framework/src/Illuminate/Database/Connection.php(422): Illuminate\\Database\\Connection->run()
#4 /home/rv66rental/htdocs/www.rv66rental.com/projects/vendor/laravel/framework/src/Illuminate/Database/Query/Builder.php(2706): Illuminate\\Database\\Connection->select()
#5 /home/rv66rental/htdocs/www.rv66rental.com/projects/vendor/laravel/framework/src/Illuminate/Database/Query/Builder.php(2694): Illuminate\\Database\\Query\\Builder->runSelect()
#6 /home/rv66rental/htdocs/www.rv66rental.com/projects/vendor/laravel/framework/src/Illuminate/Database/Query/Builder.php(3230): Illuminate\\Database\\Query\\Builder->Illuminate\\Database\\Query\\{closure}()
#7 /home/rv66rental/htdocs/www.rv66rental.com/projects/vendor/laravel/framework/src/Illuminate/Database/Query/Builder.php(2695): Illuminate\\Database\\Query\\Builder->onceWithColumns()
#8 /home/rv66rental/htdocs/www.rv66rental.com/projects/vendor/laravel/framework/src/Illuminate/Database/Eloquent/Builder.php(710): Illuminate\\Database\\Query\\Builder->get()
#9 /home/rv66rental/htdocs/www.rv66rental.com/projects/vendor/laravel/framework/src/Illuminate/Database/Eloquent/Builder.php(694): Illuminate\\Database\\Eloquent\\Builder->getModels()
#10 /home/rv66rental/htdocs/www.rv66rental.com/projects/vendor/laravel/framework/src/Illuminate/Support/Traits/ForwardsCalls.php(23): Illuminate\\Database\\Eloquent\\Builder->get()
#11 /home/rv66rental/htdocs/www.rv66rental.com/projects/vendor/laravel/framework/src/Illuminate/Database/Eloquent/Model.php(2330): Illuminate\\Database\\Eloquent\\Model->forwardCallTo()
#12 /home/rv66rental/htdocs/www.rv66rental.com/projects/vendor/laravel/framework/src/Illuminate/Database/Eloquent/Model.php(2342): Illuminate\\Database\\Eloquent\\Model->__call()
#13 /home/rv66rental/htdocs/www.rv66rental.com/projects/app/Providers/AppServiceProvider.php(31): Illuminate\\Database\\Eloquent\\Model::__callStatic()
#14 /home/rv66rental/htdocs/www.rv66rental.com/projects/vendor/laravel/framework/src/Illuminate/Container/BoundMethod.php(36): App\\Providers\\AppServiceProvider->boot()
#15 /home/rv66rental/htdocs/www.rv66rental.com/projects/vendor/laravel/framework/src/Illuminate/Container/Util.php(41): Illuminate\\Container\\BoundMethod::Illuminate\\Container\\{closure}()
#16 /home/rv66rental/htdocs/www.rv66rental.com/projects/vendor/laravel/framework/src/Illuminate/Container/BoundMethod.php(93): Illuminate\\Container\\Util::unwrapIfClosure()
#17 /home/rv66rental/htdocs/www.rv66rental.com/projects/vendor/laravel/framework/src/Illuminate/Container/BoundMethod.php(37): Illuminate\\Container\\BoundMethod::callBoundMethod()
#18 /home/rv66rental/htdocs/www.rv66rental.com/projects/vendor/laravel/framework/src/Illuminate/Container/Container.php(661): Illuminate\\Container\\BoundMethod::call()
#19 /home/rv66rental/htdocs/www.rv66rental.com/projects/vendor/laravel/framework/src/Illuminate/Foundation/Application.php(929): Illuminate\\Container\\Container->call()
#20 /home/rv66rental/htdocs/www.rv66rental.com/projects/vendor/laravel/framework/src/Illuminate/Foundation/Application.php(910): Illuminate\\Foundation\\Application->bootProvider()
#21 [internal function]: Illuminate\\Foundation\\Application->Illuminate\\Foundation\\{closure}()
#22 /home/rv66rental/htdocs/www.rv66rental.com/projects/vendor/laravel/framework/src/Illuminate/Foundation/Application.php(911): array_walk()
#23 /home/rv66rental/htdocs/www.rv66rental.com/projects/vendor/laravel/framework/src/Illuminate/Foundation/Bootstrap/BootProviders.php(17): Illuminate\\Foundation\\Application->boot()
#24 /home/rv66rental/htdocs/www.rv66rental.com/projects/vendor/laravel/framework/src/Illuminate/Foundation/Application.php(242): Illuminate\\Foundation\\Bootstrap\\BootProviders->bootstrap()
#25 /home/rv66rental/htdocs/www.rv66rental.com/projects/vendor/laravel/framework/src/Illuminate/Foundation/Http/Kernel.php(176): Illuminate\\Foundation\\Application->bootstrapWith()
#26 /home/rv66rental/htdocs/www.rv66rental.com/projects/vendor/laravel/framework/src/Illuminate/Foundation/Http/Kernel.php(160): Illuminate\\Foundation\\Http\\Kernel->bootstrap()
#27 /home/rv66rental/htdocs/www.rv66rental.com/projects/vendor/laravel/framework/src/Illuminate/Foundation/Http/Kernel.php(134): Illuminate\\Foundation\\Http\\Kernel->sendRequestThroughRouter()
#28 /home/rv66rental/htdocs/www.rv66rental.com/index.php(54): Illuminate\\Foundation\\Http\\Kernel->handle()
#29 {main}

[previous exception] [object] (PDOException(code: 2002): SQLSTATE[HY000] [2002] Connection refused at /home/rv66rental/htdocs/www.rv66rental.com/projects/vendor/laravel/framework/src/Illuminate/Database/Connectors/Connector.php:70)
[stacktrace]
#0 /home/rv66rental/htdocs/www.rv66rental.com/projects/vendor/laravel/framework/src/Illuminate/Database/Connectors/Connector.php(70): PDO->__construct()
#1 /home/rv66rental/htdocs/www.rv66rental.com/projects/vendor/laravel/framework/src/Illuminate/Database/Connectors/Connector.php(100): Illuminate\\Database\\Connectors\\Connector->createPdoConnection()
#2 /home/rv66rental/htdocs/www.rv66rental.com/projects/vendor/laravel/framework/src/Illuminate/Database/Connectors/Connector.php(50): Illuminate\\Database\\Connectors\\Connector->tryAgainIfCausedByLostConnection()
#3 /home/rv66rental/htdocs/www.rv66rental.com/projects/vendor/laravel/framework/src/Illuminate/Database/Connectors/MySqlConnector.php(24): Illuminate\\Database\\Connectors\\Connector->createConnection()
#4 /home/rv66rental/htdocs/www.rv66rental.com/projects/vendor/laravel/framework/src/Illuminate/Database/Connectors/ConnectionFactory.php(184): Illuminate\\Database\\Connectors\\MySqlConnector->connect()
#5 [internal function]: Illuminate\\Database\\Connectors\\ConnectionFactory->Illuminate\\Database\\Connectors\\{closure}()
#6 /home/rv66rental/htdocs/www.rv66rental.com/projects/vendor/laravel/framework/src/Illuminate/Database/Connection.php(1181): call_user_func()
#7 /home/rv66rental/htdocs/www.rv66rental.com/projects/vendor/laravel/framework/src/Illuminate/Database/Connection.php(1217): Illuminate\\Database\\Connection->getPdo()
#8 /home/rv66rental/htdocs/www.rv66rental.com/projects/vendor/laravel/framework/src/Illuminate/Database/Connection.php(486): Illuminate\\Database\\Connection->getReadPdo()
#9 /home/rv66rental/htdocs/www.rv66rental.com/projects/vendor/laravel/framework/src/Illuminate/Database/Connection.php(414): Illuminate\\Database\\Connection->getPdoForSelect()
#10 /home/rv66rental/htdocs/www.rv66rental.com/projects/vendor/laravel/framework/src/Illuminate/Database/Connection.php(753): Illuminate\\Database\\Connection->Illuminate\\Database\\{closure}()
#11 /home/rv66rental/htdocs/www.rv66rental.com/projects/vendor/laravel/framework/src/Illuminate/Database/Connection.php(899): Illuminate\\Database\\Connection->runQueryCallback()
#12 /home/rv66rental/htdocs/www.rv66rental.com/projects/vendor/laravel/framework/src/Illuminate/Database/Connection.php(879): Illuminate\\Database\\Connection->tryAgainIfCausedByLostConnection()
#13 /home/rv66rental/htdocs/www.rv66rental.com/projects/vendor/laravel/framework/src/Illuminate/Database/Connection.php(723): Illuminate\\Database\\Connection->handleQueryException()
#14 /home/rv66rental/htdocs/www.rv66rental.com/projects/vendor/laravel/framework/src/Illuminate/Database/Connection.php(422): Illuminate\\Database\\Connection->run()
#15 /home/rv66rental/htdocs/www.rv66rental.com/projects/vendor/laravel/framework/src/Illuminate/Database/Query/Builder.php(2706): Illuminate\\Database\\Connection->select()
#16 /home/rv66rental/htdocs/www.rv66rental.com/projects/vendor/laravel/framework/src/Illuminate/Database/Query/Builder.php(2694): Illuminate\\Database\\Query\\Builder->runSelect()
#17 /home/rv66rental/htdocs/www.rv66rental.com/projects/vendor/laravel/framework/src/Illuminate/Database/Query/Builder.php(3230): Illuminate\\Database\\Query\\Builder->Illuminate\\Database\\Query\\{closure}()
#18 /home/rv66rental/htdocs/www.rv66rental.com/projects/vendor/laravel/framework/src/Illuminate/Database/Query/Builder.php(2695): Illuminate\\Database\\Query\\Builder->onceWithColumns()
#19 /home/rv66rental/htdocs/www.rv66rental.com/projects/vendor/laravel/framework/src/Illuminate/Database/Eloquent/Builder.php(710): Illuminate\\Database\\Query\\Builder->get()
#20 /home/rv66rental/htdocs/www.rv66rental.com/projects/vendor/laravel/framework/src/Illuminate/Database/Eloquent/Builder.php(694): Illuminate\\Database\\Eloquent\\Builder->getModels()
#21 /home/rv66rental/htdocs/www.rv66rental.com/projects/vendor/laravel/framework/src/Illuminate/Support/Traits/ForwardsCalls.php(23): Illuminate\\Database\\Eloquent\\Builder->get()
#22 /home/rv66rental/htdocs/www.rv66rental.com/projects/vendor/laravel/framework/src/Illuminate/Database/Eloquent/Model.php(2330): Illuminate\\Database\\Eloquent\\Model->forwardCallTo()
#23 /home/rv66rental/htdocs/www.rv66rental.com/projects/vendor/laravel/framework/src/Illuminate/Database/Eloquent/Model.php(2342): Illuminate\\Database\\Eloquent\\Model->__call()
#24 /home/rv66rental/htdocs/www.rv66rental.com/projects/app/Providers/AppServiceProvider.php(31): Illuminate\\Database\\Eloquent\\Model::__callStatic()
#25 /home/rv66rental/htdocs/www.rv66rental.com/projects/vendor/laravel/framework/src/Illuminate/Container/BoundMethod.php(36): App\\Providers\\AppServiceProvider->boot()
#26 /home/rv66rental/htdocs/www.rv66rental.com/projects/vendor/laravel/framework/src/Illuminate/Container/Util.php(41): Illuminate\\Container\\BoundMethod::Illuminate\\Container\\{closure}()
#27 /home/rv66rental/htdocs/www.rv66rental.com/projects/vendor/laravel/framework/src/Illuminate/Container/BoundMethod.php(93): Illuminate\\Container\\Util::unwrapIfClosure()
#28 /home/rv66rental/htdocs/www.rv66rental.com/projects/vendor/laravel/framework/src/Illuminate/Container/BoundMethod.php(37): Illuminate\\Container\\BoundMethod::callBoundMethod()
#29 /home/rv66rental/htdocs/www.rv66rental.com/projects/vendor/laravel/framework/src/Illuminate/Container/Container.php(661): Illuminate\\Container\\BoundMethod::call()
#30 /home/rv66rental/htdocs/www.rv66rental.com/projects/vendor/laravel/framework/src/Illuminate/Foundation/Application.php(929): Illuminate\\Container\\Container->call()
#31 /home/rv66rental/htdocs/www.rv66rental.com/projects/vendor/laravel/framework/src/Illuminate/Foundation/Application.php(910): Illuminate\\Foundation\\Application->bootProvider()
#32 [internal function]: Illuminate\\Foundation\\Application->Illuminate\\Foundation\\{closure}()
#33 /home/rv66rental/htdocs/www.rv66rental.com/projects/vendor/laravel/framework/src/Illuminate/Foundation/Application.php(911): array_walk()
#34 /home/rv66rental/htdocs/www.rv66rental.com/projects/vendor/laravel/framework/src/Illuminate/Foundation/Bootstrap/BootProviders.php(17): Illuminate\\Foundation\\Application->boot()
#35 /home/rv66rental/htdocs/www.rv66rental.com/projects/vendor/laravel/framework/src/Illuminate/Foundation/Application.php(242): Illuminate\\Foundation\\Bootstrap\\BootProviders->bootstrap()
#36 /home/rv66rental/htdocs/www.rv66rental.com/projects/vendor/laravel/framework/src/Illuminate/Foundation/Http/Kernel.php(176): Illuminate\\Foundation\\Application->bootstrapWith()
#37 /home/rv66rental/htdocs/www.rv66rental.com/projects/vendor/laravel/framework/src/Illuminate/Foundation/Http/Kernel.php(160): Illuminate\\Foundation\\Http\\Kernel->bootstrap()
#38 /home/rv66rental/htdocs/www.rv66rental.com/projects/vendor/laravel/framework/src/Illuminate/Foundation/Http/Kernel.php(134): Illuminate\\Foundation\\Http\\Kernel->sendRequestThroughRouter()
#39 /home/rv66rental/htdocs/www.rv66rental.com/index.php(54): Illuminate\\Foundation\\Http\\Kernel->handle()
#40 {main}
"} 
[2025-06-28 12:41:24] local.ERROR: SQLSTATE[HY000] [2002] Connection refused (SQL: select * from `basic_settings`) {"exception":"[object] (Illuminate\\Database\\QueryException(code: 2002): SQLSTATE[HY000] [2002] Connection refused (SQL: select * from `basic_settings`) at /home/rv66rental/htdocs/www.rv66rental.com/projects/vendor/laravel/framework/src/Illuminate/Database/Connection.php:760)
[stacktrace]
#0 /home/rv66rental/htdocs/www.rv66rental.com/projects/vendor/laravel/framework/src/Illuminate/Database/Connection.php(899): Illuminate\\Database\\Connection->runQueryCallback()
#1 /home/rv66rental/htdocs/www.rv66rental.com/projects/vendor/laravel/framework/src/Illuminate/Database/Connection.php(879): Illuminate\\Database\\Connection->tryAgainIfCausedByLostConnection()
#2 /home/rv66rental/htdocs/www.rv66rental.com/projects/vendor/laravel/framework/src/Illuminate/Database/Connection.php(723): Illuminate\\Database\\Connection->handleQueryException()
#3 /home/rv66rental/htdocs/www.rv66rental.com/projects/vendor/laravel/framework/src/Illuminate/Database/Connection.php(422): Illuminate\\Database\\Connection->run()
#4 /home/rv66rental/htdocs/www.rv66rental.com/projects/vendor/laravel/framework/src/Illuminate/Database/Query/Builder.php(2706): Illuminate\\Database\\Connection->select()
#5 /home/rv66rental/htdocs/www.rv66rental.com/projects/vendor/laravel/framework/src/Illuminate/Database/Query/Builder.php(2694): Illuminate\\Database\\Query\\Builder->runSelect()
#6 /home/rv66rental/htdocs/www.rv66rental.com/projects/vendor/laravel/framework/src/Illuminate/Database/Query/Builder.php(3230): Illuminate\\Database\\Query\\Builder->Illuminate\\Database\\Query\\{closure}()
#7 /home/rv66rental/htdocs/www.rv66rental.com/projects/vendor/laravel/framework/src/Illuminate/Database/Query/Builder.php(2695): Illuminate\\Database\\Query\\Builder->onceWithColumns()
#8 /home/rv66rental/htdocs/www.rv66rental.com/projects/vendor/laravel/framework/src/Illuminate/Database/Eloquent/Builder.php(710): Illuminate\\Database\\Query\\Builder->get()
#9 /home/rv66rental/htdocs/www.rv66rental.com/projects/vendor/laravel/framework/src/Illuminate/Database/Eloquent/Builder.php(694): Illuminate\\Database\\Eloquent\\Builder->getModels()
#10 /home/rv66rental/htdocs/www.rv66rental.com/projects/vendor/laravel/framework/src/Illuminate/Support/Traits/ForwardsCalls.php(23): Illuminate\\Database\\Eloquent\\Builder->get()
#11 /home/rv66rental/htdocs/www.rv66rental.com/projects/vendor/laravel/framework/src/Illuminate/Database/Eloquent/Model.php(2330): Illuminate\\Database\\Eloquent\\Model->forwardCallTo()
#12 /home/rv66rental/htdocs/www.rv66rental.com/projects/vendor/laravel/framework/src/Illuminate/Database/Eloquent/Model.php(2342): Illuminate\\Database\\Eloquent\\Model->__call()
#13 /home/rv66rental/htdocs/www.rv66rental.com/projects/app/Providers/AppServiceProvider.php(31): Illuminate\\Database\\Eloquent\\Model::__callStatic()
#14 /home/rv66rental/htdocs/www.rv66rental.com/projects/vendor/laravel/framework/src/Illuminate/Container/BoundMethod.php(36): App\\Providers\\AppServiceProvider->boot()
#15 /home/rv66rental/htdocs/www.rv66rental.com/projects/vendor/laravel/framework/src/Illuminate/Container/Util.php(41): Illuminate\\Container\\BoundMethod::Illuminate\\Container\\{closure}()
#16 /home/rv66rental/htdocs/www.rv66rental.com/projects/vendor/laravel/framework/src/Illuminate/Container/BoundMethod.php(93): Illuminate\\Container\\Util::unwrapIfClosure()
#17 /home/rv66rental/htdocs/www.rv66rental.com/projects/vendor/laravel/framework/src/Illuminate/Container/BoundMethod.php(37): Illuminate\\Container\\BoundMethod::callBoundMethod()
#18 /home/rv66rental/htdocs/www.rv66rental.com/projects/vendor/laravel/framework/src/Illuminate/Container/Container.php(661): Illuminate\\Container\\BoundMethod::call()
#19 /home/rv66rental/htdocs/www.rv66rental.com/projects/vendor/laravel/framework/src/Illuminate/Foundation/Application.php(929): Illuminate\\Container\\Container->call()
#20 /home/rv66rental/htdocs/www.rv66rental.com/projects/vendor/laravel/framework/src/Illuminate/Foundation/Application.php(910): Illuminate\\Foundation\\Application->bootProvider()
#21 [internal function]: Illuminate\\Foundation\\Application->Illuminate\\Foundation\\{closure}()
#22 /home/rv66rental/htdocs/www.rv66rental.com/projects/vendor/laravel/framework/src/Illuminate/Foundation/Application.php(911): array_walk()
#23 /home/rv66rental/htdocs/www.rv66rental.com/projects/vendor/laravel/framework/src/Illuminate/Foundation/Bootstrap/BootProviders.php(17): Illuminate\\Foundation\\Application->boot()
#24 /home/rv66rental/htdocs/www.rv66rental.com/projects/vendor/laravel/framework/src/Illuminate/Foundation/Application.php(242): Illuminate\\Foundation\\Bootstrap\\BootProviders->bootstrap()
#25 /home/rv66rental/htdocs/www.rv66rental.com/projects/vendor/laravel/framework/src/Illuminate/Foundation/Http/Kernel.php(176): Illuminate\\Foundation\\Application->bootstrapWith()
#26 /home/rv66rental/htdocs/www.rv66rental.com/projects/vendor/laravel/framework/src/Illuminate/Foundation/Http/Kernel.php(160): Illuminate\\Foundation\\Http\\Kernel->bootstrap()
#27 /home/rv66rental/htdocs/www.rv66rental.com/projects/vendor/laravel/framework/src/Illuminate/Foundation/Http/Kernel.php(134): Illuminate\\Foundation\\Http\\Kernel->sendRequestThroughRouter()
#28 /home/rv66rental/htdocs/www.rv66rental.com/index.php(54): Illuminate\\Foundation\\Http\\Kernel->handle()
#29 {main}

[previous exception] [object] (PDOException(code: 2002): SQLSTATE[HY000] [2002] Connection refused at /home/rv66rental/htdocs/www.rv66rental.com/projects/vendor/laravel/framework/src/Illuminate/Database/Connectors/Connector.php:70)
[stacktrace]
#0 /home/rv66rental/htdocs/www.rv66rental.com/projects/vendor/laravel/framework/src/Illuminate/Database/Connectors/Connector.php(70): PDO->__construct()
#1 /home/rv66rental/htdocs/www.rv66rental.com/projects/vendor/laravel/framework/src/Illuminate/Database/Connectors/Connector.php(100): Illuminate\\Database\\Connectors\\Connector->createPdoConnection()
#2 /home/rv66rental/htdocs/www.rv66rental.com/projects/vendor/laravel/framework/src/Illuminate/Database/Connectors/Connector.php(50): Illuminate\\Database\\Connectors\\Connector->tryAgainIfCausedByLostConnection()
#3 /home/rv66rental/htdocs/www.rv66rental.com/projects/vendor/laravel/framework/src/Illuminate/Database/Connectors/MySqlConnector.php(24): Illuminate\\Database\\Connectors\\Connector->createConnection()
#4 /home/rv66rental/htdocs/www.rv66rental.com/projects/vendor/laravel/framework/src/Illuminate/Database/Connectors/ConnectionFactory.php(184): Illuminate\\Database\\Connectors\\MySqlConnector->connect()
#5 [internal function]: Illuminate\\Database\\Connectors\\ConnectionFactory->Illuminate\\Database\\Connectors\\{closure}()
#6 /home/rv66rental/htdocs/www.rv66rental.com/projects/vendor/laravel/framework/src/Illuminate/Database/Connection.php(1181): call_user_func()
#7 /home/rv66rental/htdocs/www.rv66rental.com/projects/vendor/laravel/framework/src/Illuminate/Database/Connection.php(1217): Illuminate\\Database\\Connection->getPdo()
#8 /home/rv66rental/htdocs/www.rv66rental.com/projects/vendor/laravel/framework/src/Illuminate/Database/Connection.php(486): Illuminate\\Database\\Connection->getReadPdo()
#9 /home/rv66rental/htdocs/www.rv66rental.com/projects/vendor/laravel/framework/src/Illuminate/Database/Connection.php(414): Illuminate\\Database\\Connection->getPdoForSelect()
#10 /home/rv66rental/htdocs/www.rv66rental.com/projects/vendor/laravel/framework/src/Illuminate/Database/Connection.php(753): Illuminate\\Database\\Connection->Illuminate\\Database\\{closure}()
#11 /home/rv66rental/htdocs/www.rv66rental.com/projects/vendor/laravel/framework/src/Illuminate/Database/Connection.php(899): Illuminate\\Database\\Connection->runQueryCallback()
#12 /home/rv66rental/htdocs/www.rv66rental.com/projects/vendor/laravel/framework/src/Illuminate/Database/Connection.php(879): Illuminate\\Database\\Connection->tryAgainIfCausedByLostConnection()
#13 /home/rv66rental/htdocs/www.rv66rental.com/projects/vendor/laravel/framework/src/Illuminate/Database/Connection.php(723): Illuminate\\Database\\Connection->handleQueryException()
#14 /home/rv66rental/htdocs/www.rv66rental.com/projects/vendor/laravel/framework/src/Illuminate/Database/Connection.php(422): Illuminate\\Database\\Connection->run()
#15 /home/rv66rental/htdocs/www.rv66rental.com/projects/vendor/laravel/framework/src/Illuminate/Database/Query/Builder.php(2706): Illuminate\\Database\\Connection->select()
#16 /home/rv66rental/htdocs/www.rv66rental.com/projects/vendor/laravel/framework/src/Illuminate/Database/Query/Builder.php(2694): Illuminate\\Database\\Query\\Builder->runSelect()
#17 /home/rv66rental/htdocs/www.rv66rental.com/projects/vendor/laravel/framework/src/Illuminate/Database/Query/Builder.php(3230): Illuminate\\Database\\Query\\Builder->Illuminate\\Database\\Query\\{closure}()
#18 /home/rv66rental/htdocs/www.rv66rental.com/projects/vendor/laravel/framework/src/Illuminate/Database/Query/Builder.php(2695): Illuminate\\Database\\Query\\Builder->onceWithColumns()
#19 /home/rv66rental/htdocs/www.rv66rental.com/projects/vendor/laravel/framework/src/Illuminate/Database/Eloquent/Builder.php(710): Illuminate\\Database\\Query\\Builder->get()
#20 /home/rv66rental/htdocs/www.rv66rental.com/projects/vendor/laravel/framework/src/Illuminate/Database/Eloquent/Builder.php(694): Illuminate\\Database\\Eloquent\\Builder->getModels()
#21 /home/rv66rental/htdocs/www.rv66rental.com/projects/vendor/laravel/framework/src/Illuminate/Support/Traits/ForwardsCalls.php(23): Illuminate\\Database\\Eloquent\\Builder->get()
#22 /home/rv66rental/htdocs/www.rv66rental.com/projects/vendor/laravel/framework/src/Illuminate/Database/Eloquent/Model.php(2330): Illuminate\\Database\\Eloquent\\Model->forwardCallTo()
#23 /home/rv66rental/htdocs/www.rv66rental.com/projects/vendor/laravel/framework/src/Illuminate/Database/Eloquent/Model.php(2342): Illuminate\\Database\\Eloquent\\Model->__call()
#24 /home/rv66rental/htdocs/www.rv66rental.com/projects/app/Providers/AppServiceProvider.php(31): Illuminate\\Database\\Eloquent\\Model::__callStatic()
#25 /home/rv66rental/htdocs/www.rv66rental.com/projects/vendor/laravel/framework/src/Illuminate/Container/BoundMethod.php(36): App\\Providers\\AppServiceProvider->boot()
#26 /home/rv66rental/htdocs/www.rv66rental.com/projects/vendor/laravel/framework/src/Illuminate/Container/Util.php(41): Illuminate\\Container\\BoundMethod::Illuminate\\Container\\{closure}()
#27 /home/rv66rental/htdocs/www.rv66rental.com/projects/vendor/laravel/framework/src/Illuminate/Container/BoundMethod.php(93): Illuminate\\Container\\Util::unwrapIfClosure()
#28 /home/rv66rental/htdocs/www.rv66rental.com/projects/vendor/laravel/framework/src/Illuminate/Container/BoundMethod.php(37): Illuminate\\Container\\BoundMethod::callBoundMethod()
#29 /home/rv66rental/htdocs/www.rv66rental.com/projects/vendor/laravel/framework/src/Illuminate/Container/Container.php(661): Illuminate\\Container\\BoundMethod::call()
#30 /home/rv66rental/htdocs/www.rv66rental.com/projects/vendor/laravel/framework/src/Illuminate/Foundation/Application.php(929): Illuminate\\Container\\Container->call()
#31 /home/rv66rental/htdocs/www.rv66rental.com/projects/vendor/laravel/framework/src/Illuminate/Foundation/Application.php(910): Illuminate\\Foundation\\Application->bootProvider()
#32 [internal function]: Illuminate\\Foundation\\Application->Illuminate\\Foundation\\{closure}()
#33 /home/rv66rental/htdocs/www.rv66rental.com/projects/vendor/laravel/framework/src/Illuminate/Foundation/Application.php(911): array_walk()
#34 /home/rv66rental/htdocs/www.rv66rental.com/projects/vendor/laravel/framework/src/Illuminate/Foundation/Bootstrap/BootProviders.php(17): Illuminate\\Foundation\\Application->boot()
#35 /home/rv66rental/htdocs/www.rv66rental.com/projects/vendor/laravel/framework/src/Illuminate/Foundation/Application.php(242): Illuminate\\Foundation\\Bootstrap\\BootProviders->bootstrap()
#36 /home/rv66rental/htdocs/www.rv66rental.com/projects/vendor/laravel/framework/src/Illuminate/Foundation/Http/Kernel.php(176): Illuminate\\Foundation\\Application->bootstrapWith()
#37 /home/rv66rental/htdocs/www.rv66rental.com/projects/vendor/laravel/framework/src/Illuminate/Foundation/Http/Kernel.php(160): Illuminate\\Foundation\\Http\\Kernel->bootstrap()
#38 /home/rv66rental/htdocs/www.rv66rental.com/projects/vendor/laravel/framework/src/Illuminate/Foundation/Http/Kernel.php(134): Illuminate\\Foundation\\Http\\Kernel->sendRequestThroughRouter()
#39 /home/rv66rental/htdocs/www.rv66rental.com/index.php(54): Illuminate\\Foundation\\Http\\Kernel->handle()
#40 {main}
"} 
