[2025-06-19 08:10:23] local.ERROR: Undefined variable $second_date {"view":{"view":"/home/rv66rental/htdocs/www.rv66rental.com/projects/resources/views/admin/common/get-quote-edit.blade.php","data":[]},"userId":1,"exception":"[object] (Spatie\\LaravelIgnition\\Exceptions\\ViewException(code: 0): Undefined variable $second_date at /home/rv66rental/htdocs/www.rv66rental.com/projects/resources/views/admin/common/get-quote-edit.blade.php:533)
[stacktrace]
#0 /home/rv66rental/htdocs/www.rv66rental.com/projects/vendor/laravel/framework/src/Illuminate/Foundation/Bootstrap/HandleExceptions.php(270): Illuminate\\Foundation\\Bootstrap\\HandleExceptions->handleError()
#1 /home/rv66rental/htdocs/www.rv66rental.com/projects/resources/views/admin/common/get-quote-edit.blade.php(533): Illuminate\\Foundation\\Bootstrap\\HandleExceptions->Illuminate\\Foundation\\Bootstrap\\{closure}()
#2 /home/rv66rental/htdocs/www.rv66rental.com/projects/vendor/laravel/framework/src/Illuminate/Filesystem/Filesystem.php(109): require('...')
#3 /home/rv66rental/htdocs/www.rv66rental.com/projects/vendor/laravel/framework/src/Illuminate/Filesystem/Filesystem.php(110): Illuminate\\Filesystem\\Filesystem::Illuminate\\Filesystem\\{closure}()
#4 /home/rv66rental/htdocs/www.rv66rental.com/projects/vendor/laravel/framework/src/Illuminate/View/Engines/PhpEngine.php(58): Illuminate\\Filesystem\\Filesystem->getRequire()
#5 /home/rv66rental/htdocs/www.rv66rental.com/projects/vendor/laravel/framework/src/Illuminate/View/Engines/CompilerEngine.php(70): Illuminate\\View\\Engines\\PhpEngine->evaluatePath()
#6 /home/rv66rental/htdocs/www.rv66rental.com/projects/vendor/laravel/framework/src/Illuminate/View/View.php(195): Illuminate\\View\\Engines\\CompilerEngine->get()
#7 /home/rv66rental/htdocs/www.rv66rental.com/projects/vendor/laravel/framework/src/Illuminate/View/View.php(178): Illuminate\\View\\View->getContents()
#8 /home/rv66rental/htdocs/www.rv66rental.com/projects/vendor/laravel/framework/src/Illuminate/View/View.php(147): Illuminate\\View\\View->renderContents()
#9 /home/rv66rental/htdocs/www.rv66rental.com/projects/app/Http/Controllers/PageController.php(260): Illuminate\\View\\View->render()
#10 /home/rv66rental/htdocs/www.rv66rental.com/projects/vendor/laravel/framework/src/Illuminate/Routing/Controller.php(54): App\\Http\\Controllers\\PageController->adminCheckAjaxGetQuoteDataEdit()
#11 /home/rv66rental/htdocs/www.rv66rental.com/projects/vendor/laravel/framework/src/Illuminate/Routing/ControllerDispatcher.php(43): Illuminate\\Routing\\Controller->callAction()
#12 /home/rv66rental/htdocs/www.rv66rental.com/projects/vendor/laravel/framework/src/Illuminate/Routing/Route.php(260): Illuminate\\Routing\\ControllerDispatcher->dispatch()
#13 /home/rv66rental/htdocs/www.rv66rental.com/projects/vendor/laravel/framework/src/Illuminate/Routing/Route.php(205): Illuminate\\Routing\\Route->runController()
#14 /home/rv66rental/htdocs/www.rv66rental.com/projects/vendor/laravel/framework/src/Illuminate/Routing/Router.php(798): Illuminate\\Routing\\Route->run()
#15 /home/rv66rental/htdocs/www.rv66rental.com/projects/vendor/laravel/framework/src/Illuminate/Pipeline/Pipeline.php(141): Illuminate\\Routing\\Router->Illuminate\\Routing\\{closure}()
#16 /home/rv66rental/htdocs/www.rv66rental.com/projects/vendor/laravel/framework/src/Illuminate/Routing/Middleware/SubstituteBindings.php(50): Illuminate\\Pipeline\\Pipeline->Illuminate\\Pipeline\\{closure}()
#17 /home/rv66rental/htdocs/www.rv66rental.com/projects/vendor/laravel/framework/src/Illuminate/Pipeline/Pipeline.php(180): Illuminate\\Routing\\Middleware\\SubstituteBindings->handle()
#18 /home/rv66rental/htdocs/www.rv66rental.com/projects/app/Http/Middleware/HTTPRedirect.php(19): Illuminate\\Pipeline\\Pipeline->Illuminate\\Pipeline\\{closure}()
#19 /home/rv66rental/htdocs/www.rv66rental.com/projects/vendor/laravel/framework/src/Illuminate/Pipeline/Pipeline.php(180): App\\Http\\Middleware\\HTTPRedirect->handle()
#20 /home/rv66rental/htdocs/www.rv66rental.com/projects/vendor/laravel/framework/src/Illuminate/View/Middleware/ShareErrorsFromSession.php(49): Illuminate\\Pipeline\\Pipeline->Illuminate\\Pipeline\\{closure}()
#21 /home/rv66rental/htdocs/www.rv66rental.com/projects/vendor/laravel/framework/src/Illuminate/Pipeline/Pipeline.php(180): Illuminate\\View\\Middleware\\ShareErrorsFromSession->handle()
#22 /home/rv66rental/htdocs/www.rv66rental.com/projects/vendor/laravel/framework/src/Illuminate/Session/Middleware/StartSession.php(121): Illuminate\\Pipeline\\Pipeline->Illuminate\\Pipeline\\{closure}()
#23 /home/rv66rental/htdocs/www.rv66rental.com/projects/vendor/laravel/framework/src/Illuminate/Session/Middleware/StartSession.php(64): Illuminate\\Session\\Middleware\\StartSession->handleStatefulRequest()
#24 /home/rv66rental/htdocs/www.rv66rental.com/projects/vendor/laravel/framework/src/Illuminate/Pipeline/Pipeline.php(180): Illuminate\\Session\\Middleware\\StartSession->handle()
#25 /home/rv66rental/htdocs/www.rv66rental.com/projects/vendor/laravel/framework/src/Illuminate/Cookie/Middleware/AddQueuedCookiesToResponse.php(37): Illuminate\\Pipeline\\Pipeline->Illuminate\\Pipeline\\{closure}()
#26 /home/rv66rental/htdocs/www.rv66rental.com/projects/vendor/laravel/framework/src/Illuminate/Pipeline/Pipeline.php(180): Illuminate\\Cookie\\Middleware\\AddQueuedCookiesToResponse->handle()
#27 /home/rv66rental/htdocs/www.rv66rental.com/projects/vendor/laravel/framework/src/Illuminate/Cookie/Middleware/EncryptCookies.php(67): Illuminate\\Pipeline\\Pipeline->Illuminate\\Pipeline\\{closure}()
#28 /home/rv66rental/htdocs/www.rv66rental.com/projects/vendor/laravel/framework/src/Illuminate/Pipeline/Pipeline.php(180): Illuminate\\Cookie\\Middleware\\EncryptCookies->handle()
#29 /home/rv66rental/htdocs/www.rv66rental.com/projects/vendor/laravel/framework/src/Illuminate/Pipeline/Pipeline.php(116): Illuminate\\Pipeline\\Pipeline->Illuminate\\Pipeline\\{closure}()
#30 /home/rv66rental/htdocs/www.rv66rental.com/projects/vendor/laravel/framework/src/Illuminate/Routing/Router.php(799): Illuminate\\Pipeline\\Pipeline->then()
#31 /home/rv66rental/htdocs/www.rv66rental.com/projects/vendor/laravel/framework/src/Illuminate/Routing/Router.php(776): Illuminate\\Routing\\Router->runRouteWithinStack()
#32 /home/rv66rental/htdocs/www.rv66rental.com/projects/vendor/laravel/framework/src/Illuminate/Routing/Router.php(740): Illuminate\\Routing\\Router->runRoute()
#33 /home/rv66rental/htdocs/www.rv66rental.com/projects/vendor/laravel/framework/src/Illuminate/Routing/Router.php(729): Illuminate\\Routing\\Router->dispatchToRoute()
#34 /home/rv66rental/htdocs/www.rv66rental.com/projects/vendor/laravel/framework/src/Illuminate/Foundation/Http/Kernel.php(190): Illuminate\\Routing\\Router->dispatch()
#35 /home/rv66rental/htdocs/www.rv66rental.com/projects/vendor/laravel/framework/src/Illuminate/Pipeline/Pipeline.php(141): Illuminate\\Foundation\\Http\\Kernel->Illuminate\\Foundation\\Http\\{closure}()
#36 /home/rv66rental/htdocs/www.rv66rental.com/projects/vendor/laravel/framework/src/Illuminate/Foundation/Http/Middleware/TransformsRequest.php(21): Illuminate\\Pipeline\\Pipeline->Illuminate\\Pipeline\\{closure}()
#37 /home/rv66rental/htdocs/www.rv66rental.com/projects/vendor/laravel/framework/src/Illuminate/Foundation/Http/Middleware/ConvertEmptyStringsToNull.php(31): Illuminate\\Foundation\\Http\\Middleware\\TransformsRequest->handle()
#38 /home/rv66rental/htdocs/www.rv66rental.com/projects/vendor/laravel/framework/src/Illuminate/Pipeline/Pipeline.php(180): Illuminate\\Foundation\\Http\\Middleware\\ConvertEmptyStringsToNull->handle()
#39 /home/rv66rental/htdocs/www.rv66rental.com/projects/vendor/laravel/framework/src/Illuminate/Foundation/Http/Middleware/TransformsRequest.php(21): Illuminate\\Pipeline\\Pipeline->Illuminate\\Pipeline\\{closure}()
#40 /home/rv66rental/htdocs/www.rv66rental.com/projects/vendor/laravel/framework/src/Illuminate/Foundation/Http/Middleware/TrimStrings.php(40): Illuminate\\Foundation\\Http\\Middleware\\TransformsRequest->handle()
#41 /home/rv66rental/htdocs/www.rv66rental.com/projects/vendor/laravel/framework/src/Illuminate/Pipeline/Pipeline.php(180): Illuminate\\Foundation\\Http\\Middleware\\TrimStrings->handle()
#42 /home/rv66rental/htdocs/www.rv66rental.com/projects/vendor/laravel/framework/src/Illuminate/Foundation/Http/Middleware/ValidatePostSize.php(27): Illuminate\\Pipeline\\Pipeline->Illuminate\\Pipeline\\{closure}()
#43 /home/rv66rental/htdocs/www.rv66rental.com/projects/vendor/laravel/framework/src/Illuminate/Pipeline/Pipeline.php(180): Illuminate\\Foundation\\Http\\Middleware\\ValidatePostSize->handle()
#44 /home/rv66rental/htdocs/www.rv66rental.com/projects/vendor/laravel/framework/src/Illuminate/Foundation/Http/Middleware/PreventRequestsDuringMaintenance.php(86): Illuminate\\Pipeline\\Pipeline->Illuminate\\Pipeline\\{closure}()
#45 /home/rv66rental/htdocs/www.rv66rental.com/projects/vendor/laravel/framework/src/Illuminate/Pipeline/Pipeline.php(180): Illuminate\\Foundation\\Http\\Middleware\\PreventRequestsDuringMaintenance->handle()
#46 /home/rv66rental/htdocs/www.rv66rental.com/projects/vendor/laravel/framework/src/Illuminate/Http/Middleware/HandleCors.php(49): Illuminate\\Pipeline\\Pipeline->Illuminate\\Pipeline\\{closure}()
#47 /home/rv66rental/htdocs/www.rv66rental.com/projects/vendor/laravel/framework/src/Illuminate/Pipeline/Pipeline.php(180): Illuminate\\Http\\Middleware\\HandleCors->handle()
#48 /home/rv66rental/htdocs/www.rv66rental.com/projects/vendor/laravel/framework/src/Illuminate/Http/Middleware/TrustProxies.php(39): Illuminate\\Pipeline\\Pipeline->Illuminate\\Pipeline\\{closure}()
#49 /home/rv66rental/htdocs/www.rv66rental.com/projects/vendor/laravel/framework/src/Illuminate/Pipeline/Pipeline.php(180): Illuminate\\Http\\Middleware\\TrustProxies->handle()
#50 /home/rv66rental/htdocs/www.rv66rental.com/projects/vendor/laravel/framework/src/Illuminate/Pipeline/Pipeline.php(116): Illuminate\\Pipeline\\Pipeline->Illuminate\\Pipeline\\{closure}()
#51 /home/rv66rental/htdocs/www.rv66rental.com/projects/vendor/laravel/framework/src/Illuminate/Foundation/Http/Kernel.php(165): Illuminate\\Pipeline\\Pipeline->then()
#52 /home/rv66rental/htdocs/www.rv66rental.com/projects/vendor/laravel/framework/src/Illuminate/Foundation/Http/Kernel.php(134): Illuminate\\Foundation\\Http\\Kernel->sendRequestThroughRouter()
#53 /home/rv66rental/htdocs/www.rv66rental.com/index.php(54): Illuminate\\Foundation\\Http\\Kernel->handle()
#54 {main}

[previous exception] [object] (ErrorException(code: 0): Undefined variable $second_date at /home/rv66rental/htdocs/www.rv66rental.com/projects/storage/framework/views/1cb99bc9e459138dbefb5049d222e3fc429013cc.php:533)
[stacktrace]
#0 /home/rv66rental/htdocs/www.rv66rental.com/projects/vendor/laravel/framework/src/Illuminate/Foundation/Bootstrap/HandleExceptions.php(270): Illuminate\\Foundation\\Bootstrap\\HandleExceptions->handleError()
#1 /home/rv66rental/htdocs/www.rv66rental.com/projects/storage/framework/views/1cb99bc9e459138dbefb5049d222e3fc429013cc.php(533): Illuminate\\Foundation\\Bootstrap\\HandleExceptions->Illuminate\\Foundation\\Bootstrap\\{closure}()
#2 /home/rv66rental/htdocs/www.rv66rental.com/projects/vendor/laravel/framework/src/Illuminate/Filesystem/Filesystem.php(109): require('...')
#3 /home/rv66rental/htdocs/www.rv66rental.com/projects/vendor/laravel/framework/src/Illuminate/Filesystem/Filesystem.php(110): Illuminate\\Filesystem\\Filesystem::Illuminate\\Filesystem\\{closure}()
#4 /home/rv66rental/htdocs/www.rv66rental.com/projects/vendor/laravel/framework/src/Illuminate/View/Engines/PhpEngine.php(58): Illuminate\\Filesystem\\Filesystem->getRequire()
#5 /home/rv66rental/htdocs/www.rv66rental.com/projects/vendor/laravel/framework/src/Illuminate/View/Engines/CompilerEngine.php(70): Illuminate\\View\\Engines\\PhpEngine->evaluatePath()
#6 /home/rv66rental/htdocs/www.rv66rental.com/projects/vendor/laravel/framework/src/Illuminate/View/View.php(195): Illuminate\\View\\Engines\\CompilerEngine->get()
#7 /home/rv66rental/htdocs/www.rv66rental.com/projects/vendor/laravel/framework/src/Illuminate/View/View.php(178): Illuminate\\View\\View->getContents()
#8 /home/rv66rental/htdocs/www.rv66rental.com/projects/vendor/laravel/framework/src/Illuminate/View/View.php(147): Illuminate\\View\\View->renderContents()
#9 /home/rv66rental/htdocs/www.rv66rental.com/projects/app/Http/Controllers/PageController.php(260): Illuminate\\View\\View->render()
#10 /home/rv66rental/htdocs/www.rv66rental.com/projects/vendor/laravel/framework/src/Illuminate/Routing/Controller.php(54): App\\Http\\Controllers\\PageController->adminCheckAjaxGetQuoteDataEdit()
#11 /home/rv66rental/htdocs/www.rv66rental.com/projects/vendor/laravel/framework/src/Illuminate/Routing/ControllerDispatcher.php(43): Illuminate\\Routing\\Controller->callAction()
#12 /home/rv66rental/htdocs/www.rv66rental.com/projects/vendor/laravel/framework/src/Illuminate/Routing/Route.php(260): Illuminate\\Routing\\ControllerDispatcher->dispatch()
#13 /home/rv66rental/htdocs/www.rv66rental.com/projects/vendor/laravel/framework/src/Illuminate/Routing/Route.php(205): Illuminate\\Routing\\Route->runController()
#14 /home/rv66rental/htdocs/www.rv66rental.com/projects/vendor/laravel/framework/src/Illuminate/Routing/Router.php(798): Illuminate\\Routing\\Route->run()
#15 /home/rv66rental/htdocs/www.rv66rental.com/projects/vendor/laravel/framework/src/Illuminate/Pipeline/Pipeline.php(141): Illuminate\\Routing\\Router->Illuminate\\Routing\\{closure}()
#16 /home/rv66rental/htdocs/www.rv66rental.com/projects/vendor/laravel/framework/src/Illuminate/Routing/Middleware/SubstituteBindings.php(50): Illuminate\\Pipeline\\Pipeline->Illuminate\\Pipeline\\{closure}()
#17 /home/rv66rental/htdocs/www.rv66rental.com/projects/vendor/laravel/framework/src/Illuminate/Pipeline/Pipeline.php(180): Illuminate\\Routing\\Middleware\\SubstituteBindings->handle()
#18 /home/rv66rental/htdocs/www.rv66rental.com/projects/app/Http/Middleware/HTTPRedirect.php(19): Illuminate\\Pipeline\\Pipeline->Illuminate\\Pipeline\\{closure}()
#19 /home/rv66rental/htdocs/www.rv66rental.com/projects/vendor/laravel/framework/src/Illuminate/Pipeline/Pipeline.php(180): App\\Http\\Middleware\\HTTPRedirect->handle()
#20 /home/rv66rental/htdocs/www.rv66rental.com/projects/vendor/laravel/framework/src/Illuminate/View/Middleware/ShareErrorsFromSession.php(49): Illuminate\\Pipeline\\Pipeline->Illuminate\\Pipeline\\{closure}()
#21 /home/rv66rental/htdocs/www.rv66rental.com/projects/vendor/laravel/framework/src/Illuminate/Pipeline/Pipeline.php(180): Illuminate\\View\\Middleware\\ShareErrorsFromSession->handle()
#22 /home/rv66rental/htdocs/www.rv66rental.com/projects/vendor/laravel/framework/src/Illuminate/Session/Middleware/StartSession.php(121): Illuminate\\Pipeline\\Pipeline->Illuminate\\Pipeline\\{closure}()
#23 /home/rv66rental/htdocs/www.rv66rental.com/projects/vendor/laravel/framework/src/Illuminate/Session/Middleware/StartSession.php(64): Illuminate\\Session\\Middleware\\StartSession->handleStatefulRequest()
#24 /home/rv66rental/htdocs/www.rv66rental.com/projects/vendor/laravel/framework/src/Illuminate/Pipeline/Pipeline.php(180): Illuminate\\Session\\Middleware\\StartSession->handle()
#25 /home/rv66rental/htdocs/www.rv66rental.com/projects/vendor/laravel/framework/src/Illuminate/Cookie/Middleware/AddQueuedCookiesToResponse.php(37): Illuminate\\Pipeline\\Pipeline->Illuminate\\Pipeline\\{closure}()
#26 /home/rv66rental/htdocs/www.rv66rental.com/projects/vendor/laravel/framework/src/Illuminate/Pipeline/Pipeline.php(180): Illuminate\\Cookie\\Middleware\\AddQueuedCookiesToResponse->handle()
#27 /home/rv66rental/htdocs/www.rv66rental.com/projects/vendor/laravel/framework/src/Illuminate/Cookie/Middleware/EncryptCookies.php(67): Illuminate\\Pipeline\\Pipeline->Illuminate\\Pipeline\\{closure}()
#28 /home/rv66rental/htdocs/www.rv66rental.com/projects/vendor/laravel/framework/src/Illuminate/Pipeline/Pipeline.php(180): Illuminate\\Cookie\\Middleware\\EncryptCookies->handle()
#29 /home/rv66rental/htdocs/www.rv66rental.com/projects/vendor/laravel/framework/src/Illuminate/Pipeline/Pipeline.php(116): Illuminate\\Pipeline\\Pipeline->Illuminate\\Pipeline\\{closure}()
#30 /home/rv66rental/htdocs/www.rv66rental.com/projects/vendor/laravel/framework/src/Illuminate/Routing/Router.php(799): Illuminate\\Pipeline\\Pipeline->then()
#31 /home/rv66rental/htdocs/www.rv66rental.com/projects/vendor/laravel/framework/src/Illuminate/Routing/Router.php(776): Illuminate\\Routing\\Router->runRouteWithinStack()
#32 /home/rv66rental/htdocs/www.rv66rental.com/projects/vendor/laravel/framework/src/Illuminate/Routing/Router.php(740): Illuminate\\Routing\\Router->runRoute()
#33 /home/rv66rental/htdocs/www.rv66rental.com/projects/vendor/laravel/framework/src/Illuminate/Routing/Router.php(729): Illuminate\\Routing\\Router->dispatchToRoute()
#34 /home/rv66rental/htdocs/www.rv66rental.com/projects/vendor/laravel/framework/src/Illuminate/Foundation/Http/Kernel.php(190): Illuminate\\Routing\\Router->dispatch()
#35 /home/rv66rental/htdocs/www.rv66rental.com/projects/vendor/laravel/framework/src/Illuminate/Pipeline/Pipeline.php(141): Illuminate\\Foundation\\Http\\Kernel->Illuminate\\Foundation\\Http\\{closure}()
#36 /home/rv66rental/htdocs/www.rv66rental.com/projects/vendor/laravel/framework/src/Illuminate/Foundation/Http/Middleware/TransformsRequest.php(21): Illuminate\\Pipeline\\Pipeline->Illuminate\\Pipeline\\{closure}()
#37 /home/rv66rental/htdocs/www.rv66rental.com/projects/vendor/laravel/framework/src/Illuminate/Foundation/Http/Middleware/ConvertEmptyStringsToNull.php(31): Illuminate\\Foundation\\Http\\Middleware\\TransformsRequest->handle()
#38 /home/rv66rental/htdocs/www.rv66rental.com/projects/vendor/laravel/framework/src/Illuminate/Pipeline/Pipeline.php(180): Illuminate\\Foundation\\Http\\Middleware\\ConvertEmptyStringsToNull->handle()
#39 /home/rv66rental/htdocs/www.rv66rental.com/projects/vendor/laravel/framework/src/Illuminate/Foundation/Http/Middleware/TransformsRequest.php(21): Illuminate\\Pipeline\\Pipeline->Illuminate\\Pipeline\\{closure}()
#40 /home/rv66rental/htdocs/www.rv66rental.com/projects/vendor/laravel/framework/src/Illuminate/Foundation/Http/Middleware/TrimStrings.php(40): Illuminate\\Foundation\\Http\\Middleware\\TransformsRequest->handle()
#41 /home/rv66rental/htdocs/www.rv66rental.com/projects/vendor/laravel/framework/src/Illuminate/Pipeline/Pipeline.php(180): Illuminate\\Foundation\\Http\\Middleware\\TrimStrings->handle()
#42 /home/rv66rental/htdocs/www.rv66rental.com/projects/vendor/laravel/framework/src/Illuminate/Foundation/Http/Middleware/ValidatePostSize.php(27): Illuminate\\Pipeline\\Pipeline->Illuminate\\Pipeline\\{closure}()
#43 /home/rv66rental/htdocs/www.rv66rental.com/projects/vendor/laravel/framework/src/Illuminate/Pipeline/Pipeline.php(180): Illuminate\\Foundation\\Http\\Middleware\\ValidatePostSize->handle()
#44 /home/rv66rental/htdocs/www.rv66rental.com/projects/vendor/laravel/framework/src/Illuminate/Foundation/Http/Middleware/PreventRequestsDuringMaintenance.php(86): Illuminate\\Pipeline\\Pipeline->Illuminate\\Pipeline\\{closure}()
#45 /home/rv66rental/htdocs/www.rv66rental.com/projects/vendor/laravel/framework/src/Illuminate/Pipeline/Pipeline.php(180): Illuminate\\Foundation\\Http\\Middleware\\PreventRequestsDuringMaintenance->handle()
#46 /home/rv66rental/htdocs/www.rv66rental.com/projects/vendor/laravel/framework/src/Illuminate/Http/Middleware/HandleCors.php(49): Illuminate\\Pipeline\\Pipeline->Illuminate\\Pipeline\\{closure}()
#47 /home/rv66rental/htdocs/www.rv66rental.com/projects/vendor/laravel/framework/src/Illuminate/Pipeline/Pipeline.php(180): Illuminate\\Http\\Middleware\\HandleCors->handle()
#48 /home/rv66rental/htdocs/www.rv66rental.com/projects/vendor/laravel/framework/src/Illuminate/Http/Middleware/TrustProxies.php(39): Illuminate\\Pipeline\\Pipeline->Illuminate\\Pipeline\\{closure}()
#49 /home/rv66rental/htdocs/www.rv66rental.com/projects/vendor/laravel/framework/src/Illuminate/Pipeline/Pipeline.php(180): Illuminate\\Http\\Middleware\\TrustProxies->handle()
#50 /home/rv66rental/htdocs/www.rv66rental.com/projects/vendor/laravel/framework/src/Illuminate/Pipeline/Pipeline.php(116): Illuminate\\Pipeline\\Pipeline->Illuminate\\Pipeline\\{closure}()
#51 /home/rv66rental/htdocs/www.rv66rental.com/projects/vendor/laravel/framework/src/Illuminate/Foundation/Http/Kernel.php(165): Illuminate\\Pipeline\\Pipeline->then()
#52 /home/rv66rental/htdocs/www.rv66rental.com/projects/vendor/laravel/framework/src/Illuminate/Foundation/Http/Kernel.php(134): Illuminate\\Foundation\\Http\\Kernel->sendRequestThroughRouter()
#53 /home/rv66rental/htdocs/www.rv66rental.com/index.php(54): Illuminate\\Foundation\\Http\\Kernel->handle()
#54 {main}
"} 
[2025-06-19 08:10:24] local.ERROR: Undefined variable $second_date {"view":{"view":"/home/rv66rental/htdocs/www.rv66rental.com/projects/resources/views/admin/common/get-quote-edit.blade.php","data":[]},"userId":1,"exception":"[object] (Spatie\\LaravelIgnition\\Exceptions\\ViewException(code: 0): Undefined variable $second_date at /home/rv66rental/htdocs/www.rv66rental.com/projects/resources/views/admin/common/get-quote-edit.blade.php:533)
[stacktrace]
#0 /home/rv66rental/htdocs/www.rv66rental.com/projects/vendor/laravel/framework/src/Illuminate/Foundation/Bootstrap/HandleExceptions.php(270): Illuminate\\Foundation\\Bootstrap\\HandleExceptions->handleError()
#1 /home/rv66rental/htdocs/www.rv66rental.com/projects/resources/views/admin/common/get-quote-edit.blade.php(533): Illuminate\\Foundation\\Bootstrap\\HandleExceptions->Illuminate\\Foundation\\Bootstrap\\{closure}()
#2 /home/rv66rental/htdocs/www.rv66rental.com/projects/vendor/laravel/framework/src/Illuminate/Filesystem/Filesystem.php(109): require('...')
#3 /home/rv66rental/htdocs/www.rv66rental.com/projects/vendor/laravel/framework/src/Illuminate/Filesystem/Filesystem.php(110): Illuminate\\Filesystem\\Filesystem::Illuminate\\Filesystem\\{closure}()
#4 /home/rv66rental/htdocs/www.rv66rental.com/projects/vendor/laravel/framework/src/Illuminate/View/Engines/PhpEngine.php(58): Illuminate\\Filesystem\\Filesystem->getRequire()
#5 /home/rv66rental/htdocs/www.rv66rental.com/projects/vendor/laravel/framework/src/Illuminate/View/Engines/CompilerEngine.php(70): Illuminate\\View\\Engines\\PhpEngine->evaluatePath()
#6 /home/rv66rental/htdocs/www.rv66rental.com/projects/vendor/laravel/framework/src/Illuminate/View/View.php(195): Illuminate\\View\\Engines\\CompilerEngine->get()
#7 /home/rv66rental/htdocs/www.rv66rental.com/projects/vendor/laravel/framework/src/Illuminate/View/View.php(178): Illuminate\\View\\View->getContents()
#8 /home/rv66rental/htdocs/www.rv66rental.com/projects/vendor/laravel/framework/src/Illuminate/View/View.php(147): Illuminate\\View\\View->renderContents()
#9 /home/rv66rental/htdocs/www.rv66rental.com/projects/app/Http/Controllers/PageController.php(260): Illuminate\\View\\View->render()
#10 /home/rv66rental/htdocs/www.rv66rental.com/projects/vendor/laravel/framework/src/Illuminate/Routing/Controller.php(54): App\\Http\\Controllers\\PageController->adminCheckAjaxGetQuoteDataEdit()
#11 /home/rv66rental/htdocs/www.rv66rental.com/projects/vendor/laravel/framework/src/Illuminate/Routing/ControllerDispatcher.php(43): Illuminate\\Routing\\Controller->callAction()
#12 /home/rv66rental/htdocs/www.rv66rental.com/projects/vendor/laravel/framework/src/Illuminate/Routing/Route.php(260): Illuminate\\Routing\\ControllerDispatcher->dispatch()
#13 /home/rv66rental/htdocs/www.rv66rental.com/projects/vendor/laravel/framework/src/Illuminate/Routing/Route.php(205): Illuminate\\Routing\\Route->runController()
#14 /home/rv66rental/htdocs/www.rv66rental.com/projects/vendor/laravel/framework/src/Illuminate/Routing/Router.php(798): Illuminate\\Routing\\Route->run()
#15 /home/rv66rental/htdocs/www.rv66rental.com/projects/vendor/laravel/framework/src/Illuminate/Pipeline/Pipeline.php(141): Illuminate\\Routing\\Router->Illuminate\\Routing\\{closure}()
#16 /home/rv66rental/htdocs/www.rv66rental.com/projects/vendor/laravel/framework/src/Illuminate/Routing/Middleware/SubstituteBindings.php(50): Illuminate\\Pipeline\\Pipeline->Illuminate\\Pipeline\\{closure}()
#17 /home/rv66rental/htdocs/www.rv66rental.com/projects/vendor/laravel/framework/src/Illuminate/Pipeline/Pipeline.php(180): Illuminate\\Routing\\Middleware\\SubstituteBindings->handle()
#18 /home/rv66rental/htdocs/www.rv66rental.com/projects/app/Http/Middleware/HTTPRedirect.php(19): Illuminate\\Pipeline\\Pipeline->Illuminate\\Pipeline\\{closure}()
#19 /home/rv66rental/htdocs/www.rv66rental.com/projects/vendor/laravel/framework/src/Illuminate/Pipeline/Pipeline.php(180): App\\Http\\Middleware\\HTTPRedirect->handle()
#20 /home/rv66rental/htdocs/www.rv66rental.com/projects/vendor/laravel/framework/src/Illuminate/View/Middleware/ShareErrorsFromSession.php(49): Illuminate\\Pipeline\\Pipeline->Illuminate\\Pipeline\\{closure}()
#21 /home/rv66rental/htdocs/www.rv66rental.com/projects/vendor/laravel/framework/src/Illuminate/Pipeline/Pipeline.php(180): Illuminate\\View\\Middleware\\ShareErrorsFromSession->handle()
#22 /home/rv66rental/htdocs/www.rv66rental.com/projects/vendor/laravel/framework/src/Illuminate/Session/Middleware/StartSession.php(121): Illuminate\\Pipeline\\Pipeline->Illuminate\\Pipeline\\{closure}()
#23 /home/rv66rental/htdocs/www.rv66rental.com/projects/vendor/laravel/framework/src/Illuminate/Session/Middleware/StartSession.php(64): Illuminate\\Session\\Middleware\\StartSession->handleStatefulRequest()
#24 /home/rv66rental/htdocs/www.rv66rental.com/projects/vendor/laravel/framework/src/Illuminate/Pipeline/Pipeline.php(180): Illuminate\\Session\\Middleware\\StartSession->handle()
#25 /home/rv66rental/htdocs/www.rv66rental.com/projects/vendor/laravel/framework/src/Illuminate/Cookie/Middleware/AddQueuedCookiesToResponse.php(37): Illuminate\\Pipeline\\Pipeline->Illuminate\\Pipeline\\{closure}()
#26 /home/rv66rental/htdocs/www.rv66rental.com/projects/vendor/laravel/framework/src/Illuminate/Pipeline/Pipeline.php(180): Illuminate\\Cookie\\Middleware\\AddQueuedCookiesToResponse->handle()
#27 /home/rv66rental/htdocs/www.rv66rental.com/projects/vendor/laravel/framework/src/Illuminate/Cookie/Middleware/EncryptCookies.php(67): Illuminate\\Pipeline\\Pipeline->Illuminate\\Pipeline\\{closure}()
#28 /home/rv66rental/htdocs/www.rv66rental.com/projects/vendor/laravel/framework/src/Illuminate/Pipeline/Pipeline.php(180): Illuminate\\Cookie\\Middleware\\EncryptCookies->handle()
#29 /home/rv66rental/htdocs/www.rv66rental.com/projects/vendor/laravel/framework/src/Illuminate/Pipeline/Pipeline.php(116): Illuminate\\Pipeline\\Pipeline->Illuminate\\Pipeline\\{closure}()
#30 /home/rv66rental/htdocs/www.rv66rental.com/projects/vendor/laravel/framework/src/Illuminate/Routing/Router.php(799): Illuminate\\Pipeline\\Pipeline->then()
#31 /home/rv66rental/htdocs/www.rv66rental.com/projects/vendor/laravel/framework/src/Illuminate/Routing/Router.php(776): Illuminate\\Routing\\Router->runRouteWithinStack()
#32 /home/rv66rental/htdocs/www.rv66rental.com/projects/vendor/laravel/framework/src/Illuminate/Routing/Router.php(740): Illuminate\\Routing\\Router->runRoute()
#33 /home/rv66rental/htdocs/www.rv66rental.com/projects/vendor/laravel/framework/src/Illuminate/Routing/Router.php(729): Illuminate\\Routing\\Router->dispatchToRoute()
#34 /home/rv66rental/htdocs/www.rv66rental.com/projects/vendor/laravel/framework/src/Illuminate/Foundation/Http/Kernel.php(190): Illuminate\\Routing\\Router->dispatch()
#35 /home/rv66rental/htdocs/www.rv66rental.com/projects/vendor/laravel/framework/src/Illuminate/Pipeline/Pipeline.php(141): Illuminate\\Foundation\\Http\\Kernel->Illuminate\\Foundation\\Http\\{closure}()
#36 /home/rv66rental/htdocs/www.rv66rental.com/projects/vendor/laravel/framework/src/Illuminate/Foundation/Http/Middleware/TransformsRequest.php(21): Illuminate\\Pipeline\\Pipeline->Illuminate\\Pipeline\\{closure}()
#37 /home/rv66rental/htdocs/www.rv66rental.com/projects/vendor/laravel/framework/src/Illuminate/Foundation/Http/Middleware/ConvertEmptyStringsToNull.php(31): Illuminate\\Foundation\\Http\\Middleware\\TransformsRequest->handle()
#38 /home/rv66rental/htdocs/www.rv66rental.com/projects/vendor/laravel/framework/src/Illuminate/Pipeline/Pipeline.php(180): Illuminate\\Foundation\\Http\\Middleware\\ConvertEmptyStringsToNull->handle()
#39 /home/rv66rental/htdocs/www.rv66rental.com/projects/vendor/laravel/framework/src/Illuminate/Foundation/Http/Middleware/TransformsRequest.php(21): Illuminate\\Pipeline\\Pipeline->Illuminate\\Pipeline\\{closure}()
#40 /home/rv66rental/htdocs/www.rv66rental.com/projects/vendor/laravel/framework/src/Illuminate/Foundation/Http/Middleware/TrimStrings.php(40): Illuminate\\Foundation\\Http\\Middleware\\TransformsRequest->handle()
#41 /home/rv66rental/htdocs/www.rv66rental.com/projects/vendor/laravel/framework/src/Illuminate/Pipeline/Pipeline.php(180): Illuminate\\Foundation\\Http\\Middleware\\TrimStrings->handle()
#42 /home/rv66rental/htdocs/www.rv66rental.com/projects/vendor/laravel/framework/src/Illuminate/Foundation/Http/Middleware/ValidatePostSize.php(27): Illuminate\\Pipeline\\Pipeline->Illuminate\\Pipeline\\{closure}()
#43 /home/rv66rental/htdocs/www.rv66rental.com/projects/vendor/laravel/framework/src/Illuminate/Pipeline/Pipeline.php(180): Illuminate\\Foundation\\Http\\Middleware\\ValidatePostSize->handle()
#44 /home/rv66rental/htdocs/www.rv66rental.com/projects/vendor/laravel/framework/src/Illuminate/Foundation/Http/Middleware/PreventRequestsDuringMaintenance.php(86): Illuminate\\Pipeline\\Pipeline->Illuminate\\Pipeline\\{closure}()
#45 /home/rv66rental/htdocs/www.rv66rental.com/projects/vendor/laravel/framework/src/Illuminate/Pipeline/Pipeline.php(180): Illuminate\\Foundation\\Http\\Middleware\\PreventRequestsDuringMaintenance->handle()
#46 /home/rv66rental/htdocs/www.rv66rental.com/projects/vendor/laravel/framework/src/Illuminate/Http/Middleware/HandleCors.php(49): Illuminate\\Pipeline\\Pipeline->Illuminate\\Pipeline\\{closure}()
#47 /home/rv66rental/htdocs/www.rv66rental.com/projects/vendor/laravel/framework/src/Illuminate/Pipeline/Pipeline.php(180): Illuminate\\Http\\Middleware\\HandleCors->handle()
#48 /home/rv66rental/htdocs/www.rv66rental.com/projects/vendor/laravel/framework/src/Illuminate/Http/Middleware/TrustProxies.php(39): Illuminate\\Pipeline\\Pipeline->Illuminate\\Pipeline\\{closure}()
#49 /home/rv66rental/htdocs/www.rv66rental.com/projects/vendor/laravel/framework/src/Illuminate/Pipeline/Pipeline.php(180): Illuminate\\Http\\Middleware\\TrustProxies->handle()
#50 /home/rv66rental/htdocs/www.rv66rental.com/projects/vendor/laravel/framework/src/Illuminate/Pipeline/Pipeline.php(116): Illuminate\\Pipeline\\Pipeline->Illuminate\\Pipeline\\{closure}()
#51 /home/rv66rental/htdocs/www.rv66rental.com/projects/vendor/laravel/framework/src/Illuminate/Foundation/Http/Kernel.php(165): Illuminate\\Pipeline\\Pipeline->then()
#52 /home/rv66rental/htdocs/www.rv66rental.com/projects/vendor/laravel/framework/src/Illuminate/Foundation/Http/Kernel.php(134): Illuminate\\Foundation\\Http\\Kernel->sendRequestThroughRouter()
#53 /home/rv66rental/htdocs/www.rv66rental.com/index.php(54): Illuminate\\Foundation\\Http\\Kernel->handle()
#54 {main}

[previous exception] [object] (ErrorException(code: 0): Undefined variable $second_date at /home/rv66rental/htdocs/www.rv66rental.com/projects/storage/framework/views/1cb99bc9e459138dbefb5049d222e3fc429013cc.php:533)
[stacktrace]
#0 /home/rv66rental/htdocs/www.rv66rental.com/projects/vendor/laravel/framework/src/Illuminate/Foundation/Bootstrap/HandleExceptions.php(270): Illuminate\\Foundation\\Bootstrap\\HandleExceptions->handleError()
#1 /home/rv66rental/htdocs/www.rv66rental.com/projects/storage/framework/views/1cb99bc9e459138dbefb5049d222e3fc429013cc.php(533): Illuminate\\Foundation\\Bootstrap\\HandleExceptions->Illuminate\\Foundation\\Bootstrap\\{closure}()
#2 /home/rv66rental/htdocs/www.rv66rental.com/projects/vendor/laravel/framework/src/Illuminate/Filesystem/Filesystem.php(109): require('...')
#3 /home/rv66rental/htdocs/www.rv66rental.com/projects/vendor/laravel/framework/src/Illuminate/Filesystem/Filesystem.php(110): Illuminate\\Filesystem\\Filesystem::Illuminate\\Filesystem\\{closure}()
#4 /home/rv66rental/htdocs/www.rv66rental.com/projects/vendor/laravel/framework/src/Illuminate/View/Engines/PhpEngine.php(58): Illuminate\\Filesystem\\Filesystem->getRequire()
#5 /home/rv66rental/htdocs/www.rv66rental.com/projects/vendor/laravel/framework/src/Illuminate/View/Engines/CompilerEngine.php(70): Illuminate\\View\\Engines\\PhpEngine->evaluatePath()
#6 /home/rv66rental/htdocs/www.rv66rental.com/projects/vendor/laravel/framework/src/Illuminate/View/View.php(195): Illuminate\\View\\Engines\\CompilerEngine->get()
#7 /home/rv66rental/htdocs/www.rv66rental.com/projects/vendor/laravel/framework/src/Illuminate/View/View.php(178): Illuminate\\View\\View->getContents()
#8 /home/rv66rental/htdocs/www.rv66rental.com/projects/vendor/laravel/framework/src/Illuminate/View/View.php(147): Illuminate\\View\\View->renderContents()
#9 /home/rv66rental/htdocs/www.rv66rental.com/projects/app/Http/Controllers/PageController.php(260): Illuminate\\View\\View->render()
#10 /home/rv66rental/htdocs/www.rv66rental.com/projects/vendor/laravel/framework/src/Illuminate/Routing/Controller.php(54): App\\Http\\Controllers\\PageController->adminCheckAjaxGetQuoteDataEdit()
#11 /home/rv66rental/htdocs/www.rv66rental.com/projects/vendor/laravel/framework/src/Illuminate/Routing/ControllerDispatcher.php(43): Illuminate\\Routing\\Controller->callAction()
#12 /home/rv66rental/htdocs/www.rv66rental.com/projects/vendor/laravel/framework/src/Illuminate/Routing/Route.php(260): Illuminate\\Routing\\ControllerDispatcher->dispatch()
#13 /home/rv66rental/htdocs/www.rv66rental.com/projects/vendor/laravel/framework/src/Illuminate/Routing/Route.php(205): Illuminate\\Routing\\Route->runController()
#14 /home/rv66rental/htdocs/www.rv66rental.com/projects/vendor/laravel/framework/src/Illuminate/Routing/Router.php(798): Illuminate\\Routing\\Route->run()
#15 /home/rv66rental/htdocs/www.rv66rental.com/projects/vendor/laravel/framework/src/Illuminate/Pipeline/Pipeline.php(141): Illuminate\\Routing\\Router->Illuminate\\Routing\\{closure}()
#16 /home/rv66rental/htdocs/www.rv66rental.com/projects/vendor/laravel/framework/src/Illuminate/Routing/Middleware/SubstituteBindings.php(50): Illuminate\\Pipeline\\Pipeline->Illuminate\\Pipeline\\{closure}()
#17 /home/rv66rental/htdocs/www.rv66rental.com/projects/vendor/laravel/framework/src/Illuminate/Pipeline/Pipeline.php(180): Illuminate\\Routing\\Middleware\\SubstituteBindings->handle()
#18 /home/rv66rental/htdocs/www.rv66rental.com/projects/app/Http/Middleware/HTTPRedirect.php(19): Illuminate\\Pipeline\\Pipeline->Illuminate\\Pipeline\\{closure}()
#19 /home/rv66rental/htdocs/www.rv66rental.com/projects/vendor/laravel/framework/src/Illuminate/Pipeline/Pipeline.php(180): App\\Http\\Middleware\\HTTPRedirect->handle()
#20 /home/rv66rental/htdocs/www.rv66rental.com/projects/vendor/laravel/framework/src/Illuminate/View/Middleware/ShareErrorsFromSession.php(49): Illuminate\\Pipeline\\Pipeline->Illuminate\\Pipeline\\{closure}()
#21 /home/rv66rental/htdocs/www.rv66rental.com/projects/vendor/laravel/framework/src/Illuminate/Pipeline/Pipeline.php(180): Illuminate\\View\\Middleware\\ShareErrorsFromSession->handle()
#22 /home/rv66rental/htdocs/www.rv66rental.com/projects/vendor/laravel/framework/src/Illuminate/Session/Middleware/StartSession.php(121): Illuminate\\Pipeline\\Pipeline->Illuminate\\Pipeline\\{closure}()
#23 /home/rv66rental/htdocs/www.rv66rental.com/projects/vendor/laravel/framework/src/Illuminate/Session/Middleware/StartSession.php(64): Illuminate\\Session\\Middleware\\StartSession->handleStatefulRequest()
#24 /home/rv66rental/htdocs/www.rv66rental.com/projects/vendor/laravel/framework/src/Illuminate/Pipeline/Pipeline.php(180): Illuminate\\Session\\Middleware\\StartSession->handle()
#25 /home/rv66rental/htdocs/www.rv66rental.com/projects/vendor/laravel/framework/src/Illuminate/Cookie/Middleware/AddQueuedCookiesToResponse.php(37): Illuminate\\Pipeline\\Pipeline->Illuminate\\Pipeline\\{closure}()
#26 /home/rv66rental/htdocs/www.rv66rental.com/projects/vendor/laravel/framework/src/Illuminate/Pipeline/Pipeline.php(180): Illuminate\\Cookie\\Middleware\\AddQueuedCookiesToResponse->handle()
#27 /home/rv66rental/htdocs/www.rv66rental.com/projects/vendor/laravel/framework/src/Illuminate/Cookie/Middleware/EncryptCookies.php(67): Illuminate\\Pipeline\\Pipeline->Illuminate\\Pipeline\\{closure}()
#28 /home/rv66rental/htdocs/www.rv66rental.com/projects/vendor/laravel/framework/src/Illuminate/Pipeline/Pipeline.php(180): Illuminate\\Cookie\\Middleware\\EncryptCookies->handle()
#29 /home/rv66rental/htdocs/www.rv66rental.com/projects/vendor/laravel/framework/src/Illuminate/Pipeline/Pipeline.php(116): Illuminate\\Pipeline\\Pipeline->Illuminate\\Pipeline\\{closure}()
#30 /home/rv66rental/htdocs/www.rv66rental.com/projects/vendor/laravel/framework/src/Illuminate/Routing/Router.php(799): Illuminate\\Pipeline\\Pipeline->then()
#31 /home/rv66rental/htdocs/www.rv66rental.com/projects/vendor/laravel/framework/src/Illuminate/Routing/Router.php(776): Illuminate\\Routing\\Router->runRouteWithinStack()
#32 /home/rv66rental/htdocs/www.rv66rental.com/projects/vendor/laravel/framework/src/Illuminate/Routing/Router.php(740): Illuminate\\Routing\\Router->runRoute()
#33 /home/rv66rental/htdocs/www.rv66rental.com/projects/vendor/laravel/framework/src/Illuminate/Routing/Router.php(729): Illuminate\\Routing\\Router->dispatchToRoute()
#34 /home/rv66rental/htdocs/www.rv66rental.com/projects/vendor/laravel/framework/src/Illuminate/Foundation/Http/Kernel.php(190): Illuminate\\Routing\\Router->dispatch()
#35 /home/rv66rental/htdocs/www.rv66rental.com/projects/vendor/laravel/framework/src/Illuminate/Pipeline/Pipeline.php(141): Illuminate\\Foundation\\Http\\Kernel->Illuminate\\Foundation\\Http\\{closure}()
#36 /home/rv66rental/htdocs/www.rv66rental.com/projects/vendor/laravel/framework/src/Illuminate/Foundation/Http/Middleware/TransformsRequest.php(21): Illuminate\\Pipeline\\Pipeline->Illuminate\\Pipeline\\{closure}()
#37 /home/rv66rental/htdocs/www.rv66rental.com/projects/vendor/laravel/framework/src/Illuminate/Foundation/Http/Middleware/ConvertEmptyStringsToNull.php(31): Illuminate\\Foundation\\Http\\Middleware\\TransformsRequest->handle()
#38 /home/rv66rental/htdocs/www.rv66rental.com/projects/vendor/laravel/framework/src/Illuminate/Pipeline/Pipeline.php(180): Illuminate\\Foundation\\Http\\Middleware\\ConvertEmptyStringsToNull->handle()
#39 /home/rv66rental/htdocs/www.rv66rental.com/projects/vendor/laravel/framework/src/Illuminate/Foundation/Http/Middleware/TransformsRequest.php(21): Illuminate\\Pipeline\\Pipeline->Illuminate\\Pipeline\\{closure}()
#40 /home/rv66rental/htdocs/www.rv66rental.com/projects/vendor/laravel/framework/src/Illuminate/Foundation/Http/Middleware/TrimStrings.php(40): Illuminate\\Foundation\\Http\\Middleware\\TransformsRequest->handle()
#41 /home/rv66rental/htdocs/www.rv66rental.com/projects/vendor/laravel/framework/src/Illuminate/Pipeline/Pipeline.php(180): Illuminate\\Foundation\\Http\\Middleware\\TrimStrings->handle()
#42 /home/rv66rental/htdocs/www.rv66rental.com/projects/vendor/laravel/framework/src/Illuminate/Foundation/Http/Middleware/ValidatePostSize.php(27): Illuminate\\Pipeline\\Pipeline->Illuminate\\Pipeline\\{closure}()
#43 /home/rv66rental/htdocs/www.rv66rental.com/projects/vendor/laravel/framework/src/Illuminate/Pipeline/Pipeline.php(180): Illuminate\\Foundation\\Http\\Middleware\\ValidatePostSize->handle()
#44 /home/rv66rental/htdocs/www.rv66rental.com/projects/vendor/laravel/framework/src/Illuminate/Foundation/Http/Middleware/PreventRequestsDuringMaintenance.php(86): Illuminate\\Pipeline\\Pipeline->Illuminate\\Pipeline\\{closure}()
#45 /home/rv66rental/htdocs/www.rv66rental.com/projects/vendor/laravel/framework/src/Illuminate/Pipeline/Pipeline.php(180): Illuminate\\Foundation\\Http\\Middleware\\PreventRequestsDuringMaintenance->handle()
#46 /home/rv66rental/htdocs/www.rv66rental.com/projects/vendor/laravel/framework/src/Illuminate/Http/Middleware/HandleCors.php(49): Illuminate\\Pipeline\\Pipeline->Illuminate\\Pipeline\\{closure}()
#47 /home/rv66rental/htdocs/www.rv66rental.com/projects/vendor/laravel/framework/src/Illuminate/Pipeline/Pipeline.php(180): Illuminate\\Http\\Middleware\\HandleCors->handle()
#48 /home/rv66rental/htdocs/www.rv66rental.com/projects/vendor/laravel/framework/src/Illuminate/Http/Middleware/TrustProxies.php(39): Illuminate\\Pipeline\\Pipeline->Illuminate\\Pipeline\\{closure}()
#49 /home/rv66rental/htdocs/www.rv66rental.com/projects/vendor/laravel/framework/src/Illuminate/Pipeline/Pipeline.php(180): Illuminate\\Http\\Middleware\\TrustProxies->handle()
#50 /home/rv66rental/htdocs/www.rv66rental.com/projects/vendor/laravel/framework/src/Illuminate/Pipeline/Pipeline.php(116): Illuminate\\Pipeline\\Pipeline->Illuminate\\Pipeline\\{closure}()
#51 /home/rv66rental/htdocs/www.rv66rental.com/projects/vendor/laravel/framework/src/Illuminate/Foundation/Http/Kernel.php(165): Illuminate\\Pipeline\\Pipeline->then()
#52 /home/rv66rental/htdocs/www.rv66rental.com/projects/vendor/laravel/framework/src/Illuminate/Foundation/Http/Kernel.php(134): Illuminate\\Foundation\\Http\\Kernel->sendRequestThroughRouter()
#53 /home/rv66rental/htdocs/www.rv66rental.com/index.php(54): Illuminate\\Foundation\\Http\\Kernel->handle()
#54 {main}
"} 
[2025-06-19 19:00:16] local.ERROR: file_get_contents(https://www.rentalcalendarsdirect.com/icalendar/54566.ics): Failed to open stream: HTTP request failed! HTTP/1.1 504 Gateway Time-out
 {"exception":"[object] (ErrorException(code: 0): file_get_contents(https://www.rentalcalendarsdirect.com/icalendar/54566.ics): Failed to open stream: HTTP request failed! HTTP/1.1 504 Gateway Time-out

 at /home/rv66rental/htdocs/www.rv66rental.com/projects/app/Helper/LiveCart.php:177)
[stacktrace]
#0 /home/rv66rental/htdocs/www.rv66rental.com/projects/vendor/laravel/framework/src/Illuminate/Foundation/Bootstrap/HandleExceptions.php(270): Illuminate\\Foundation\\Bootstrap\\HandleExceptions->handleError()
#1 [internal function]: Illuminate\\Foundation\\Bootstrap\\HandleExceptions->Illuminate\\Foundation\\Bootstrap\\{closure}()
#2 /home/rv66rental/htdocs/www.rv66rental.com/projects/app/Helper/LiveCart.php(177): file_get_contents()
#3 /home/rv66rental/htdocs/www.rv66rental.com/projects/app/Helper/LiveCart.php(111): App\\Helper\\LiveCart->icsToArray()
#4 /home/rv66rental/htdocs/www.rv66rental.com/projects/app/Helper/LiveCart.php(144): App\\Helper\\LiveCart->refreshIcalData()
#5 /home/rv66rental/htdocs/www.rv66rental.com/projects/vendor/laravel/framework/src/Illuminate/Support/Facades/Facade.php(338): App\\Helper\\LiveCart->allIcalImportListRefresh()
#6 /home/rv66rental/htdocs/www.rv66rental.com/projects/app/Http/Controllers/ICalController.php(64): Illuminate\\Support\\Facades\\Facade::__callStatic()
#7 /home/rv66rental/htdocs/www.rv66rental.com/projects/app/Http/Controllers/ICalController.php(15): App\\Http\\Controllers\\ICalController->refresshCalendar1()
#8 /home/rv66rental/htdocs/www.rv66rental.com/projects/vendor/laravel/framework/src/Illuminate/Routing/Controller.php(54): App\\Http\\Controllers\\ICalController->setCronJob()
#9 /home/rv66rental/htdocs/www.rv66rental.com/projects/vendor/laravel/framework/src/Illuminate/Routing/ControllerDispatcher.php(43): Illuminate\\Routing\\Controller->callAction()
#10 /home/rv66rental/htdocs/www.rv66rental.com/projects/vendor/laravel/framework/src/Illuminate/Routing/Route.php(260): Illuminate\\Routing\\ControllerDispatcher->dispatch()
#11 /home/rv66rental/htdocs/www.rv66rental.com/projects/vendor/laravel/framework/src/Illuminate/Routing/Route.php(205): Illuminate\\Routing\\Route->runController()
#12 /home/rv66rental/htdocs/www.rv66rental.com/projects/vendor/laravel/framework/src/Illuminate/Routing/Router.php(798): Illuminate\\Routing\\Route->run()
#13 /home/rv66rental/htdocs/www.rv66rental.com/projects/vendor/laravel/framework/src/Illuminate/Pipeline/Pipeline.php(141): Illuminate\\Routing\\Router->Illuminate\\Routing\\{closure}()
#14 /home/rv66rental/htdocs/www.rv66rental.com/projects/vendor/laravel/framework/src/Illuminate/Routing/Middleware/SubstituteBindings.php(50): Illuminate\\Pipeline\\Pipeline->Illuminate\\Pipeline\\{closure}()
#15 /home/rv66rental/htdocs/www.rv66rental.com/projects/vendor/laravel/framework/src/Illuminate/Pipeline/Pipeline.php(180): Illuminate\\Routing\\Middleware\\SubstituteBindings->handle()
#16 /home/rv66rental/htdocs/www.rv66rental.com/projects/app/Http/Middleware/HTTPRedirect.php(19): Illuminate\\Pipeline\\Pipeline->Illuminate\\Pipeline\\{closure}()
#17 /home/rv66rental/htdocs/www.rv66rental.com/projects/vendor/laravel/framework/src/Illuminate/Pipeline/Pipeline.php(180): App\\Http\\Middleware\\HTTPRedirect->handle()
#18 /home/rv66rental/htdocs/www.rv66rental.com/projects/vendor/laravel/framework/src/Illuminate/View/Middleware/ShareErrorsFromSession.php(49): Illuminate\\Pipeline\\Pipeline->Illuminate\\Pipeline\\{closure}()
#19 /home/rv66rental/htdocs/www.rv66rental.com/projects/vendor/laravel/framework/src/Illuminate/Pipeline/Pipeline.php(180): Illuminate\\View\\Middleware\\ShareErrorsFromSession->handle()
#20 /home/rv66rental/htdocs/www.rv66rental.com/projects/vendor/laravel/framework/src/Illuminate/Session/Middleware/StartSession.php(121): Illuminate\\Pipeline\\Pipeline->Illuminate\\Pipeline\\{closure}()
#21 /home/rv66rental/htdocs/www.rv66rental.com/projects/vendor/laravel/framework/src/Illuminate/Session/Middleware/StartSession.php(64): Illuminate\\Session\\Middleware\\StartSession->handleStatefulRequest()
#22 /home/rv66rental/htdocs/www.rv66rental.com/projects/vendor/laravel/framework/src/Illuminate/Pipeline/Pipeline.php(180): Illuminate\\Session\\Middleware\\StartSession->handle()
#23 /home/rv66rental/htdocs/www.rv66rental.com/projects/vendor/laravel/framework/src/Illuminate/Cookie/Middleware/AddQueuedCookiesToResponse.php(37): Illuminate\\Pipeline\\Pipeline->Illuminate\\Pipeline\\{closure}()
#24 /home/rv66rental/htdocs/www.rv66rental.com/projects/vendor/laravel/framework/src/Illuminate/Pipeline/Pipeline.php(180): Illuminate\\Cookie\\Middleware\\AddQueuedCookiesToResponse->handle()
#25 /home/rv66rental/htdocs/www.rv66rental.com/projects/vendor/laravel/framework/src/Illuminate/Cookie/Middleware/EncryptCookies.php(67): Illuminate\\Pipeline\\Pipeline->Illuminate\\Pipeline\\{closure}()
#26 /home/rv66rental/htdocs/www.rv66rental.com/projects/vendor/laravel/framework/src/Illuminate/Pipeline/Pipeline.php(180): Illuminate\\Cookie\\Middleware\\EncryptCookies->handle()
#27 /home/rv66rental/htdocs/www.rv66rental.com/projects/vendor/laravel/framework/src/Illuminate/Pipeline/Pipeline.php(116): Illuminate\\Pipeline\\Pipeline->Illuminate\\Pipeline\\{closure}()
#28 /home/rv66rental/htdocs/www.rv66rental.com/projects/vendor/laravel/framework/src/Illuminate/Routing/Router.php(799): Illuminate\\Pipeline\\Pipeline->then()
#29 /home/rv66rental/htdocs/www.rv66rental.com/projects/vendor/laravel/framework/src/Illuminate/Routing/Router.php(776): Illuminate\\Routing\\Router->runRouteWithinStack()
#30 /home/rv66rental/htdocs/www.rv66rental.com/projects/vendor/laravel/framework/src/Illuminate/Routing/Router.php(740): Illuminate\\Routing\\Router->runRoute()
#31 /home/rv66rental/htdocs/www.rv66rental.com/projects/vendor/laravel/framework/src/Illuminate/Routing/Router.php(729): Illuminate\\Routing\\Router->dispatchToRoute()
#32 /home/rv66rental/htdocs/www.rv66rental.com/projects/vendor/laravel/framework/src/Illuminate/Foundation/Http/Kernel.php(190): Illuminate\\Routing\\Router->dispatch()
#33 /home/rv66rental/htdocs/www.rv66rental.com/projects/vendor/laravel/framework/src/Illuminate/Pipeline/Pipeline.php(141): Illuminate\\Foundation\\Http\\Kernel->Illuminate\\Foundation\\Http\\{closure}()
#34 /home/rv66rental/htdocs/www.rv66rental.com/projects/vendor/laravel/framework/src/Illuminate/Foundation/Http/Middleware/TransformsRequest.php(21): Illuminate\\Pipeline\\Pipeline->Illuminate\\Pipeline\\{closure}()
#35 /home/rv66rental/htdocs/www.rv66rental.com/projects/vendor/laravel/framework/src/Illuminate/Foundation/Http/Middleware/ConvertEmptyStringsToNull.php(31): Illuminate\\Foundation\\Http\\Middleware\\TransformsRequest->handle()
#36 /home/rv66rental/htdocs/www.rv66rental.com/projects/vendor/laravel/framework/src/Illuminate/Pipeline/Pipeline.php(180): Illuminate\\Foundation\\Http\\Middleware\\ConvertEmptyStringsToNull->handle()
#37 /home/rv66rental/htdocs/www.rv66rental.com/projects/vendor/laravel/framework/src/Illuminate/Foundation/Http/Middleware/TransformsRequest.php(21): Illuminate\\Pipeline\\Pipeline->Illuminate\\Pipeline\\{closure}()
#38 /home/rv66rental/htdocs/www.rv66rental.com/projects/vendor/laravel/framework/src/Illuminate/Foundation/Http/Middleware/TrimStrings.php(40): Illuminate\\Foundation\\Http\\Middleware\\TransformsRequest->handle()
#39 /home/rv66rental/htdocs/www.rv66rental.com/projects/vendor/laravel/framework/src/Illuminate/Pipeline/Pipeline.php(180): Illuminate\\Foundation\\Http\\Middleware\\TrimStrings->handle()
#40 /home/rv66rental/htdocs/www.rv66rental.com/projects/vendor/laravel/framework/src/Illuminate/Foundation/Http/Middleware/ValidatePostSize.php(27): Illuminate\\Pipeline\\Pipeline->Illuminate\\Pipeline\\{closure}()
#41 /home/rv66rental/htdocs/www.rv66rental.com/projects/vendor/laravel/framework/src/Illuminate/Pipeline/Pipeline.php(180): Illuminate\\Foundation\\Http\\Middleware\\ValidatePostSize->handle()
#42 /home/rv66rental/htdocs/www.rv66rental.com/projects/vendor/laravel/framework/src/Illuminate/Foundation/Http/Middleware/PreventRequestsDuringMaintenance.php(86): Illuminate\\Pipeline\\Pipeline->Illuminate\\Pipeline\\{closure}()
#43 /home/rv66rental/htdocs/www.rv66rental.com/projects/vendor/laravel/framework/src/Illuminate/Pipeline/Pipeline.php(180): Illuminate\\Foundation\\Http\\Middleware\\PreventRequestsDuringMaintenance->handle()
#44 /home/rv66rental/htdocs/www.rv66rental.com/projects/vendor/laravel/framework/src/Illuminate/Http/Middleware/HandleCors.php(49): Illuminate\\Pipeline\\Pipeline->Illuminate\\Pipeline\\{closure}()
#45 /home/rv66rental/htdocs/www.rv66rental.com/projects/vendor/laravel/framework/src/Illuminate/Pipeline/Pipeline.php(180): Illuminate\\Http\\Middleware\\HandleCors->handle()
#46 /home/rv66rental/htdocs/www.rv66rental.com/projects/vendor/laravel/framework/src/Illuminate/Http/Middleware/TrustProxies.php(39): Illuminate\\Pipeline\\Pipeline->Illuminate\\Pipeline\\{closure}()
#47 /home/rv66rental/htdocs/www.rv66rental.com/projects/vendor/laravel/framework/src/Illuminate/Pipeline/Pipeline.php(180): Illuminate\\Http\\Middleware\\TrustProxies->handle()
#48 /home/rv66rental/htdocs/www.rv66rental.com/projects/vendor/laravel/framework/src/Illuminate/Pipeline/Pipeline.php(116): Illuminate\\Pipeline\\Pipeline->Illuminate\\Pipeline\\{closure}()
#49 /home/rv66rental/htdocs/www.rv66rental.com/projects/vendor/laravel/framework/src/Illuminate/Foundation/Http/Kernel.php(165): Illuminate\\Pipeline\\Pipeline->then()
#50 /home/rv66rental/htdocs/www.rv66rental.com/projects/vendor/laravel/framework/src/Illuminate/Foundation/Http/Kernel.php(134): Illuminate\\Foundation\\Http\\Kernel->sendRequestThroughRouter()
#51 /home/rv66rental/htdocs/www.rv66rental.com/index.php(54): Illuminate\\Foundation\\Http\\Kernel->handle()
#52 {main}
"} 
